2026-05-02T00:02:36.440+07:00  INFO 154413 --- [stdmanager] [SpringApplicationShutdownHook] o.s.boot.tomcat.GracefulShutdown         : Commencing graceful shutdown. Waiting for active requests to complete
2026-05-02T00:02:36.448+07:00  INFO 154413 --- [stdmanager] [tomcat-shutdown] o.s.boot.tomcat.GracefulShutdown         : Graceful shutdown complete
2026-05-02T00:02:36.458+07:00  INFO 154413 --- [stdmanager] [SpringApplicationShutdownHook] j.LocalContainerEntityManagerFactoryBean : Closing JPA EntityManagerFactory for persistence unit 'default'
2026-05-02T00:02:36.460+07:00  INFO 154413 --- [stdmanager] [SpringApplicationShutdownHook] com.zaxxer.hikari.HikariDataSource       : HikariPool-1 - Shutdown initiated...
2026-05-02T00:02:36.463+07:00  INFO 154413 --- [stdmanager] [SpringApplicationShutdownHook] com.zaxxer.hikari.HikariDataSource       : HikariPool-1 - Shutdown completed.
2026-05-02T00:02:41.901+07:00  INFO 161328 --- [stdmanager] [main] u.it.stdmanager.StdmanagerApplication    : Starting StdmanagerApplication using Java 21.0.10 with PID 161328 (/home/vxn/Documents/100__UNI/uni__it__web-programming/uni__it__web__project/olds/uni__it__web2/stdmanager/target/classes started by vxn in /home/vxn/Documents/100__UNI/uni__it__web-programming/uni__it__web__project/olds/uni__it__web2/stdmanager)
2026-05-02T00:02:41.903+07:00  INFO 161328 --- [stdmanager] [main] u.it.stdmanager.StdmanagerApplication    : No active profile set, falling back to 1 default profile: "default"
2026-05-02T00:02:42.705+07:00  INFO 161328 --- [stdmanager] [main] .s.d.r.c.RepositoryConfigurationDelegate : Bootstrapping Spring Data JPA repositories in DEFAULT mode.
2026-05-02T00:02:42.778+07:00  INFO 161328 --- [stdmanager] [main] .s.d.r.c.RepositoryConfigurationDelegate : Finished Spring Data repository scanning in 65 ms. Found 20 JPA repository interfaces.
2026-05-02T00:02:43.372+07:00  INFO 161328 --- [stdmanager] [main] o.s.boot.tomcat.TomcatWebServer          : Tomcat initialized with port 8080 (http)
2026-05-02T00:02:43.386+07:00  INFO 161328 --- [stdmanager] [main] o.apache.catalina.core.StandardService   : Starting service [Tomcat]
2026-05-02T00:02:43.386+07:00  INFO 161328 --- [stdmanager] [main] o.apache.catalina.core.StandardEngine    : Starting Servlet engine: [Apache Tomcat/11.0.21]
2026-05-02T00:02:43.423+07:00  INFO 161328 --- [stdmanager] [main] b.w.c.s.WebApplicationContextInitializer : Root WebApplicationContext: initialization completed in 1480 ms
2026-05-02T00:02:43.584+07:00 DEBUG 161328 --- [stdmanager] [main] o.s.w.f.ServerHttpObservationFilter      : Filter 'webMvcObservationFilter' configured for use
2026-05-02T00:02:43.849+07:00  INFO 161328 --- [stdmanager] [main] com.zaxxer.hikari.HikariDataSource       : HikariPool-1 - Starting...
2026-05-02T00:02:44.071+07:00  INFO 161328 --- [stdmanager] [main] com.zaxxer.hikari.pool.HikariPool        : HikariPool-1 - Added connection ConnectionID:1 ClientConnectionId: e5a7b144-7ab5-4f1b-8c25-f0002f7f9a40
2026-05-02T00:02:44.072+07:00  INFO 161328 --- [stdmanager] [main] com.zaxxer.hikari.HikariDataSource       : HikariPool-1 - Start completed.
2026-05-02T00:02:44.335+07:00  INFO 161328 --- [stdmanager] [main] org.flywaydb.core.FlywayExecutor         : Database: jdbc:sqlserver://localhost:1433;concatNullYieldsNull=ON;quotedIdentifier=ON;connectRetryInterval=10;connectRetryCount=1;maxResultBuffer=-1;sendTemporalDataTypesAsStringForBulkCopy=true;delayLoadingLobs=true;useFmtOnly=false;vectorTypeSupport=v1;cacheBulkCopyMetadata=false;bulkCopyForBatchInsertAllowEncryptedValueModifications=false;bulkCopyForBatchInsertTableLock=false;bulkCopyForBatchInsertKeepNulls=false;bulkCopyForBatchInsertKeepIdentity=false;bulkCopyForBatchInsertFireTriggers=false;bulkCopyForBatchInsertCheckConstraints=false;bulkCopyForBatchInsertBatchSize=0;useBulkCopyForBatchInsert=false;cancelQueryTimeout=-1;sslProtocol=TLS;calcBigDecimalPrecision=false;useDefaultJaasConfig=false;jaasConfigurationName=SQLJDBCDriver;statementPoolingCacheSize=0;serverPreparedStatementDiscardThreshold=10;enablePrepareOnFirstPreparedStatementCall=false;fips=false;socketTimeout=0;authentication=NotSpecified;authenticationScheme=nativeAuthentication;xopenStates=false;datetimeParameterType=datetime2;sendTimeAsDatetime=true;replication=false;trustStoreType=JKS;trustServerCertificate=true;TransparentNetworkIPResolution=true;iPAddressPreference=IPv4First;serverNameAsACE=false;sendStringParametersAsUnicode=true;selectMethod=direct;responseBuffering=adaptive;queryTimeout=-1;packetSize=8000;multiSubnetFailover=false;loginTimeout=30;lockTimeout=-1;lastUpdateCount=true;useDefaultGSSCredential=false;prepareMethod=prepexec;encrypt=True;disableStatementPooling=true;databaseName=stdmanager_db;columnEncryptionSetting=Disabled;applicationName=Microsoft JDBC Driver for SQL Server;applicationIntent=readwrite; (Microsoft SQL Server 16.0)
2026-05-02T00:02:44.411+07:00  INFO 161328 --- [stdmanager] [main] o.f.core.internal.command.DbValidate     : Successfully validated 20 migrations (execution time 00:00.040s)
2026-05-02T00:02:44.430+07:00  INFO 161328 --- [stdmanager] [main] o.f.core.internal.command.DbMigrate      : Current version of schema [dbo]: 20
2026-05-02T00:02:44.436+07:00  INFO 161328 --- [stdmanager] [main] o.f.core.internal.command.DbMigrate      : Schema [dbo] is up to date. No migration necessary.
2026-05-02T00:02:44.553+07:00  INFO 161328 --- [stdmanager] [main] org.hibernate.orm.jpa                    : HHH008540: Processing PersistenceUnitInfo [name: default]
2026-05-02T00:02:44.585+07:00  INFO 161328 --- [stdmanager] [main] org.hibernate.orm.core                   : HHH000001: Hibernate ORM core version 7.2.12.Final
2026-05-02T00:02:44.903+07:00  INFO 161328 --- [stdmanager] [main] o.s.o.j.p.SpringPersistenceUnitInfo      : No LoadTimeWeaver setup: ignoring JPA class transformer
2026-05-02T00:02:44.963+07:00  INFO 161328 --- [stdmanager] [main] org.hibernate.orm.connections.pooling    : HHH10001005: Database info:
	Database JDBC URL [jdbc:sqlserver://localhost:1433;concatNullYieldsNull=ON;quotedIdentifier=ON;connectRetryInterval=10;connectRetryCount=1;maxResultBuffer=-1;sendTemporalDataTypesAsStringForBulkCopy=true;delayLoadingLobs=true;useFmtOnly=false;vectorTypeSupport=v1;cacheBulkCopyMetadata=false;bulkCopyForBatchInsertAllowEncryptedValueModifications=false;bulkCopyForBatchInsertTableLock=false;bulkCopyForBatchInsertKeepNulls=false;bulkCopyForBatchInsertKeepIdentity=false;bulkCopyForBatchInsertFireTriggers=false;bulkCopyForBatchInsertCheckConstraints=false;bulkCopyForBatchInsertBatchSize=0;useBulkCopyForBatchInsert=false;cancelQueryTimeout=-1;sslProtocol=TLS;calcBigDecimalPrecision=false;useDefaultJaasConfig=false;jaasConfigurationName=SQLJDBCDriver;statementPoolingCacheSize=0;serverPreparedStatementDiscardThreshold=10;enablePrepareOnFirstPreparedStatementCall=false;fips=false;socketTimeout=0;authentication=NotSpecified;authenticationScheme=nativeAuthentication;xopenStates=false;datetimeParameterType=datetime2;sendTimeAsDatetime=true;replication=false;trustStoreType=JKS;trustServerCertificate=true;TransparentNetworkIPResolution=true;iPAddressPreference=IPv4First;serverNameAsACE=false;sendStringParametersAsUnicode=true;selectMethod=direct;responseBuffering=adaptive;queryTimeout=-1;packetSize=8000;multiSubnetFailover=false;loginTimeout=30;lockTimeout=-1;lastUpdateCount=true;useDefaultGSSCredential=false;prepareMethod=prepexec;encrypt=True;disableStatementPooling=true;databaseName=stdmanager_db;columnEncryptionSetting=Disabled;applicationName=Microsoft JDBC Driver for SQL Server;applicationIntent=readwrite;]
	Database driver: Microsoft JDBC Driver 13.2 for SQL Server
	Database dialect: SQLServerDialect
	Database version: 16.0
	Default catalog/schema: stdmanager_db/dbo
	Autocommit mode: undefined/unknown
	Isolation level: READ_COMMITTED [default READ_COMMITTED]
	JDBC fetch size: 128
	Pool: DataSourceConnectionProvider
	Minimum pool size: undefined/unknown
	Maximum pool size: undefined/unknown
2026-05-02T00:02:45.909+07:00  INFO 161328 --- [stdmanager] [main] org.hibernate.orm.core                   : HHH000489: No JTA platform available (set 'hibernate.transaction.jta.platform' to enable JTA platform integration)
2026-05-02T00:02:46.038+07:00  INFO 161328 --- [stdmanager] [main] j.LocalContainerEntityManagerFactoryBean : Initialized JPA EntityManagerFactory for persistence unit 'default'
2026-05-02T00:02:46.114+07:00  INFO 161328 --- [stdmanager] [main] o.s.d.j.r.query.QueryEnhancerFactories   : Hibernate is in classpath; If applicable, HQL parser will be used.
2026-05-02T00:02:47.443+07:00  INFO 161328 --- [stdmanager] [main] eAuthenticationProviderManagerConfigurer : Global AuthenticationManager configured with AuthenticationProvider bean with name authenticationProvider
2026-05-02T00:02:47.443+07:00  WARN 161328 --- [stdmanager] [main] r$InitializeUserDetailsManagerConfigurer : Global AuthenticationManager configured with an AuthenticationProvider bean. UserDetailsService beans will not be used by Spring Security for automatically configuring username/password login. Consider removing the AuthenticationProvider bean. Alternatively, consider using the UserDetailsService in a manually instantiated DaoAuthenticationProvider. If the current configuration is intentional, to turn off this warning, increase the logging level of 'org.springframework.security.config.annotation.authentication.configuration.InitializeUserDetailsBeanManagerConfigurer' to ERROR
2026-05-02T00:02:47.890+07:00 DEBUG 161328 --- [stdmanager] [main] s.w.s.m.m.a.RequestMappingHandlerMapping : 44 mappings in 'requestMappingHandlerMapping'
2026-05-02T00:02:47.925+07:00 DEBUG 161328 --- [stdmanager] [main] o.s.w.s.handler.SimpleUrlHandlerMapping  : Patterns [/webjars/**, /**, /swagger-ui*/*swagger-initializer.js, /swagger-ui*/**] in 'resourceHandlerMapping'
2026-05-02T00:02:47.951+07:00 DEBUG 161328 --- [stdmanager] [main] s.w.s.m.m.a.RequestMappingHandlerAdapter : ControllerAdvice beans: 0 @ModelAttribute, 0 @InitBinder, 2 RequestBodyAdvice, 1 ResponseBodyAdvice
2026-05-02T00:02:47.992+07:00 DEBUG 161328 --- [stdmanager] [main] .m.m.a.ExceptionHandlerExceptionResolver : ControllerAdvice beans: 2 @ExceptionHandler, 1 ResponseBodyAdvice
2026-05-02T00:02:48.397+07:00  INFO 161328 --- [stdmanager] [main] o.s.b.a.e.web.EndpointLinksResolver      : Exposing 1 endpoint beneath base path '/actuator'
2026-05-02T00:02:48.488+07:00  INFO 161328 --- [stdmanager] [main] o.s.boot.tomcat.TomcatWebServer          : Tomcat started on port 8080 (http) with context path '/'
2026-05-02T00:02:48.499+07:00  INFO 161328 --- [stdmanager] [main] u.it.stdmanager.StdmanagerApplication    : Started StdmanagerApplication in 7.016 seconds (process running for 7.29)
2026-05-02T00:02:48.598+07:00  WARN 161328 --- [stdmanager] [main] o.s.core.events.SpringDocAppInitializer  : SpringDoc /v3/api-docs endpoint is enabled by default. To disable it in production, set the property 'springdoc.api-docs.enabled=false'
2026-05-02T00:02:48.599+07:00  WARN 161328 --- [stdmanager] [main] o.s.core.events.SpringDocAppInitializer  : SpringDoc /swagger-ui.html endpoint is enabled by default. To disable it in production, set the property 'springdoc.swagger-ui.enabled=false'
2026-05-02T00:05:12.367+07:00  INFO 161328 --- [stdmanager] [http-nio-8080-exec-1] o.a.c.c.C.[Tomcat].[localhost].[/]       : Initializing Spring DispatcherServlet 'dispatcherServlet'
2026-05-02T00:05:12.367+07:00  INFO 161328 --- [stdmanager] [http-nio-8080-exec-1] o.s.web.servlet.DispatcherServlet        : Initializing Servlet 'dispatcherServlet'
2026-05-02T00:05:12.367+07:00 DEBUG 161328 --- [stdmanager] [http-nio-8080-exec-1] o.s.web.servlet.DispatcherServlet        : Detected StandardServletMultipartResolver
2026-05-02T00:05:12.368+07:00 DEBUG 161328 --- [stdmanager] [http-nio-8080-exec-1] o.s.web.servlet.DispatcherServlet        : Detected AcceptHeaderLocaleResolver
2026-05-02T00:05:12.370+07:00 DEBUG 161328 --- [stdmanager] [http-nio-8080-exec-1] o.s.web.servlet.DispatcherServlet        : Detected org.springframework.web.servlet.view.DefaultRequestToViewNameTranslator@29a920fe
2026-05-02T00:05:12.371+07:00 DEBUG 161328 --- [stdmanager] [http-nio-8080-exec-1] o.s.web.servlet.DispatcherServlet        : Detected org.springframework.web.servlet.support.SessionFlashMapManager@3f1870bc
2026-05-02T00:05:12.371+07:00 DEBUG 161328 --- [stdmanager] [http-nio-8080-exec-1] o.s.web.servlet.DispatcherServlet        : enableLoggingRequestDetails='false': request parameters and headers will be masked to prevent unsafe logging of potentially sensitive data
2026-05-02T00:05:12.371+07:00  INFO 161328 --- [stdmanager] [http-nio-8080-exec-1] o.s.web.servlet.DispatcherServlet        : Completed initialization in 4 ms
2026-05-02T00:05:12.658+07:00 DEBUG 161328 --- [stdmanager] [http-nio-8080-exec-3] o.s.web.servlet.DispatcherServlet        : GET "/api/v1/courses", parameters={}
2026-05-02T00:05:12.673+07:00 DEBUG 161328 --- [stdmanager] [http-nio-8080-exec-3] s.w.s.m.m.a.RequestMappingHandlerMapping : Mapped to uni.it.stdmanager.modules.iv_course.controller.CourseController#getAllCourses()
2026-05-02T00:05:12.711+07:00 DEBUG 161328 --- [stdmanager] [http-nio-8080-exec-3] m.m.a.RequestResponseBodyMethodProcessor : Using 'application/json', given [application/json, text/plain, */*] and supported [application/json, application/*+json, application/yaml]
2026-05-02T00:05:12.715+07:00 DEBUG 161328 --- [stdmanager] [http-nio-8080-exec-3] m.m.a.RequestResponseBodyMethodProcessor : Writing [ApiResponse(success=true, message=Lấy danh sách môn học thành công, data=[CourseResponse(id=f0c5f4a9 (truncated)...]
2026-05-02T00:05:12.756+07:00 DEBUG 161328 --- [stdmanager] [http-nio-8080-exec-3] o.s.web.servlet.DispatcherServlet        : Completed 200 OK
2026-05-02T00:05:12.778+07:00 DEBUG 161328 --- [stdmanager] [http-nio-8080-exec-4] o.s.web.servlet.DispatcherServlet        : GET "/api/v1/courses", parameters={}
2026-05-02T00:05:12.778+07:00 DEBUG 161328 --- [stdmanager] [http-nio-8080-exec-4] s.w.s.m.m.a.RequestMappingHandlerMapping : Mapped to uni.it.stdmanager.modules.iv_course.controller.CourseController#getAllCourses()
2026-05-02T00:05:12.788+07:00 DEBUG 161328 --- [stdmanager] [http-nio-8080-exec-4] m.m.a.RequestResponseBodyMethodProcessor : Using 'application/json', given [application/json, text/plain, */*] and supported [application/json, application/*+json, application/yaml]
2026-05-02T00:05:12.789+07:00 DEBUG 161328 --- [stdmanager] [http-nio-8080-exec-4] m.m.a.RequestResponseBodyMethodProcessor : Writing [ApiResponse(success=true, message=Lấy danh sách môn học thành công, data=[CourseResponse(id=f0c5f4a9 (truncated)...]
2026-05-02T00:05:12.791+07:00 DEBUG 161328 --- [stdmanager] [http-nio-8080-exec-4] o.s.web.servlet.DispatcherServlet        : Completed 200 OK
2026-05-02T00:05:14.273+07:00 DEBUG 161328 --- [stdmanager] [http-nio-8080-exec-7] o.s.web.servlet.DispatcherServlet        : GET "/api/v1/semesters", parameters={}
2026-05-02T00:05:14.274+07:00 DEBUG 161328 --- [stdmanager] [http-nio-8080-exec-7] s.w.s.m.m.a.RequestMappingHandlerMapping : Mapped to uni.it.stdmanager.modules.v_semester.controller.SemesterController#getAllSemesters()
2026-05-02T00:05:14.288+07:00 DEBUG 161328 --- [stdmanager] [http-nio-8080-exec-7] m.m.a.RequestResponseBodyMethodProcessor : Using 'application/json', given [application/json, text/plain, */*] and supported [application/json, application/*+json, application/yaml]
2026-05-02T00:05:14.289+07:00 DEBUG 161328 --- [stdmanager] [http-nio-8080-exec-7] m.m.a.RequestResponseBodyMethodProcessor : Writing [ApiResponse(success=true, message=Lấy danh sách học kỳ thành công, data=[SemesterResponse(id=ecd09ea (truncated)...]
2026-05-02T00:05:14.294+07:00 DEBUG 161328 --- [stdmanager] [http-nio-8080-exec-7] o.s.web.servlet.DispatcherServlet        : Completed 200 OK
2026-05-02T00:05:14.320+07:00 DEBUG 161328 --- [stdmanager] [http-nio-8080-exec-8] o.s.web.servlet.DispatcherServlet        : GET "/api/v1/semesters", parameters={}
2026-05-02T00:05:14.320+07:00 DEBUG 161328 --- [stdmanager] [http-nio-8080-exec-8] s.w.s.m.m.a.RequestMappingHandlerMapping : Mapped to uni.it.stdmanager.modules.v_semester.controller.SemesterController#getAllSemesters()
2026-05-02T00:05:14.331+07:00 DEBUG 161328 --- [stdmanager] [http-nio-8080-exec-8] m.m.a.RequestResponseBodyMethodProcessor : Using 'application/json', given [application/json, text/plain, */*] and supported [application/json, application/*+json, application/yaml]
2026-05-02T00:05:14.332+07:00 DEBUG 161328 --- [stdmanager] [http-nio-8080-exec-8] m.m.a.RequestResponseBodyMethodProcessor : Writing [ApiResponse(success=true, message=Lấy danh sách học kỳ thành công, data=[SemesterResponse(id=ecd09ea (truncated)...]
2026-05-02T00:05:14.333+07:00 DEBUG 161328 --- [stdmanager] [http-nio-8080-exec-8] o.s.web.servlet.DispatcherServlet        : Completed 200 OK
2026-05-02T00:05:14.433+07:00 DEBUG 161328 --- [stdmanager] [http-nio-8080-exec-10] o.s.web.servlet.DispatcherServlet        : GET "/api/v1/course-sections/semester/ecd09eab-b3cf-43cc-811d-588a2ba404c4", parameters={}
2026-05-02T00:05:14.434+07:00 DEBUG 161328 --- [stdmanager] [http-nio-8080-exec-10] s.w.s.m.m.a.RequestMappingHandlerMapping : Mapped to uni.it.stdmanager.modules.v_semester.controller.CourseSectionController#getSectionsBySemester(UUID)
2026-05-02T00:05:14.451+07:00 DEBUG 161328 --- [stdmanager] [http-nio-8080-exec-10] m.m.a.RequestResponseBodyMethodProcessor : Using 'application/json', given [application/json, text/plain, */*] and supported [application/json, application/*+json, application/yaml]
2026-05-02T00:05:14.452+07:00 DEBUG 161328 --- [stdmanager] [http-nio-8080-exec-10] m.m.a.RequestResponseBodyMethodProcessor : Writing [ApiResponse(success=true, message=Lấy danh sách lớp học phần thành công, data=[], code=null, timesta (truncated)...]
2026-05-02T00:05:14.452+07:00 DEBUG 161328 --- [stdmanager] [http-nio-8080-exec-10] o.s.web.servlet.DispatcherServlet        : Completed 200 OK
2026-05-02T00:05:14.472+07:00 DEBUG 161328 --- [stdmanager] [http-nio-8080-exec-2] o.s.web.servlet.DispatcherServlet        : GET "/api/v1/course-sections/semester/ecd09eab-b3cf-43cc-811d-588a2ba404c4", parameters={}
2026-05-02T00:05:14.474+07:00 DEBUG 161328 --- [stdmanager] [http-nio-8080-exec-2] s.w.s.m.m.a.RequestMappingHandlerMapping : Mapped to uni.it.stdmanager.modules.v_semester.controller.CourseSectionController#getSectionsBySemester(UUID)
2026-05-02T00:05:14.480+07:00 DEBUG 161328 --- [stdmanager] [http-nio-8080-exec-2] m.m.a.RequestResponseBodyMethodProcessor : Using 'application/json', given [application/json, text/plain, */*] and supported [application/json, application/*+json, application/yaml]
2026-05-02T00:05:14.480+07:00 DEBUG 161328 --- [stdmanager] [http-nio-8080-exec-2] m.m.a.RequestResponseBodyMethodProcessor : Writing [ApiResponse(success=true, message=Lấy danh sách lớp học phần thành công, data=[], code=null, timesta (truncated)...]
2026-05-02T00:05:14.481+07:00 DEBUG 161328 --- [stdmanager] [http-nio-8080-exec-2] o.s.web.servlet.DispatcherServlet        : Completed 200 OK
2026-05-02T00:05:26.615+07:00 DEBUG 161328 --- [stdmanager] [http-nio-8080-exec-5] o.s.web.servlet.DispatcherServlet        : GET "/api/v1/courses", parameters={}
2026-05-02T00:05:26.616+07:00 DEBUG 161328 --- [stdmanager] [http-nio-8080-exec-5] s.w.s.m.m.a.RequestMappingHandlerMapping : Mapped to uni.it.stdmanager.modules.iv_course.controller.CourseController#getAllCourses()
2026-05-02T00:05:26.617+07:00 DEBUG 161328 --- [stdmanager] [http-nio-8080-exec-4] o.s.web.servlet.DispatcherServlet        : GET "/api/v1/employees", parameters={}
2026-05-02T00:05:26.617+07:00 DEBUG 161328 --- [stdmanager] [http-nio-8080-exec-4] s.w.s.m.m.a.RequestMappingHandlerMapping : Mapped to uni.it.stdmanager.modules.iii_lecturer.controller.EmployeeController#searchEmployees(String, UUID, UUID, int, int, String, String)
2026-05-02T00:05:26.627+07:00 DEBUG 161328 --- [stdmanager] [http-nio-8080-exec-5] m.m.a.RequestResponseBodyMethodProcessor : Using 'application/json', given [application/json, text/plain, */*] and supported [application/json, application/*+json, application/yaml]
2026-05-02T00:05:26.628+07:00 DEBUG 161328 --- [stdmanager] [http-nio-8080-exec-5] m.m.a.RequestResponseBodyMethodProcessor : Writing [ApiResponse(success=true, message=Lấy danh sách môn học thành công, data=[CourseResponse(id=f0c5f4a9 (truncated)...]
2026-05-02T00:05:26.629+07:00 DEBUG 161328 --- [stdmanager] [http-nio-8080-exec-5] o.s.web.servlet.DispatcherServlet        : Completed 200 OK
2026-05-02T00:05:26.711+07:00 DEBUG 161328 --- [stdmanager] [http-nio-8080-exec-4] m.m.a.RequestResponseBodyMethodProcessor : Using 'application/json', given [application/json, text/plain, */*] and supported [application/json, application/*+json, application/yaml]
2026-05-02T00:05:26.712+07:00 DEBUG 161328 --- [stdmanager] [http-nio-8080-exec-4] m.m.a.RequestResponseBodyMethodProcessor : Writing [ApiResponse(success=true, message=Lấy danh sách giảng viên/nhân viên thành công, data=Page 1 of 1 co (truncated)...]
2026-05-02T00:05:26.716+07:00  WARN 161328 --- [stdmanager] [http-nio-8080-exec-4] ration$PageModule$WarningLoggingModifier : Serializing PageImpl instances as-is is not supported, meaning that there is no guarantee about the stability of the resulting JSON structure!
	For a stable JSON structure, please use Spring Data's PagedModel (globally via @EnableSpringDataWebSupport(pageSerializationMode = VIA_DTO))
	or Spring HATEOAS and Spring Data's PagedResourcesAssembler as documented in https://docs.spring.io/spring-data/commons/reference/repositories/core-extensions.html#core.web.pageables.

2026-05-02T00:05:26.731+07:00 DEBUG 161328 --- [stdmanager] [http-nio-8080-exec-4] o.s.web.servlet.DispatcherServlet        : Completed 200 OK
2026-05-02T00:05:34.433+07:00 DEBUG 161328 --- [stdmanager] [http-nio-8080-exec-8] o.s.web.servlet.DispatcherServlet        : GET "/api/v1/courses", parameters={}
2026-05-02T00:05:34.435+07:00 DEBUG 161328 --- [stdmanager] [http-nio-8080-exec-8] s.w.s.m.m.a.RequestMappingHandlerMapping : Mapped to uni.it.stdmanager.modules.iv_course.controller.CourseController#getAllCourses()
2026-05-02T00:05:34.447+07:00 DEBUG 161328 --- [stdmanager] [http-nio-8080-exec-8] m.m.a.RequestResponseBodyMethodProcessor : Using 'application/json', given [application/json, text/plain, */*] and supported [application/json, application/*+json, application/yaml]
2026-05-02T00:05:34.448+07:00 DEBUG 161328 --- [stdmanager] [http-nio-8080-exec-8] m.m.a.RequestResponseBodyMethodProcessor : Writing [ApiResponse(success=true, message=Lấy danh sách môn học thành công, data=[CourseResponse(id=f0c5f4a9 (truncated)...]
2026-05-02T00:05:34.448+07:00 DEBUG 161328 --- [stdmanager] [http-nio-8080-exec-8] o.s.web.servlet.DispatcherServlet        : Completed 200 OK
2026-05-02T00:05:34.466+07:00 DEBUG 161328 --- [stdmanager] [http-nio-8080-exec-9] o.s.web.servlet.DispatcherServlet        : GET "/api/v1/courses", parameters={}
2026-05-02T00:05:34.466+07:00 DEBUG 161328 --- [stdmanager] [http-nio-8080-exec-9] s.w.s.m.m.a.RequestMappingHandlerMapping : Mapped to uni.it.stdmanager.modules.iv_course.controller.CourseController#getAllCourses()
2026-05-02T00:05:34.478+07:00 DEBUG 161328 --- [stdmanager] [http-nio-8080-exec-9] m.m.a.RequestResponseBodyMethodProcessor : Using 'application/json', given [application/json, text/plain, */*] and supported [application/json, application/*+json, application/yaml]
2026-05-02T00:05:34.479+07:00 DEBUG 161328 --- [stdmanager] [http-nio-8080-exec-9] m.m.a.RequestResponseBodyMethodProcessor : Writing [ApiResponse(success=true, message=Lấy danh sách môn học thành công, data=[CourseResponse(id=f0c5f4a9 (truncated)...]
2026-05-02T00:05:34.480+07:00 DEBUG 161328 --- [stdmanager] [http-nio-8080-exec-9] o.s.web.servlet.DispatcherServlet        : Completed 200 OK
2026-05-02T00:05:37.052+07:00 DEBUG 161328 --- [stdmanager] [http-nio-8080-exec-2] o.s.web.servlet.DispatcherServlet        : GET "/api/v1/departments", parameters={}
2026-05-02T00:05:37.052+07:00 DEBUG 161328 --- [stdmanager] [http-nio-8080-exec-2] s.w.s.m.m.a.RequestMappingHandlerMapping : Mapped to uni.it.stdmanager.modules.iii_lecturer.controller.DepartmentController#getAllActiveDepartments()
2026-05-02T00:05:37.066+07:00 DEBUG 161328 --- [stdmanager] [http-nio-8080-exec-2] m.m.a.RequestResponseBodyMethodProcessor : Using 'application/json', given [application/json, text/plain, */*] and supported [application/json, application/*+json, application/yaml]
2026-05-02T00:05:37.068+07:00 DEBUG 161328 --- [stdmanager] [http-nio-8080-exec-2] m.m.a.RequestResponseBodyMethodProcessor : Writing [ApiResponse(success=true, message=Lấy danh sách khoa/viện thành công, data=[DepartmentResponse(id=9e (truncated)...]
2026-05-02T00:05:37.072+07:00 DEBUG 161328 --- [stdmanager] [http-nio-8080-exec-2] o.s.web.servlet.DispatcherServlet        : Completed 200 OK
2026-05-02T00:06:02.441+07:00 DEBUG 161328 --- [stdmanager] [http-nio-8080-exec-5] o.s.web.servlet.DispatcherServlet        : GET "/api/v1/semesters", parameters={}
2026-05-02T00:06:02.442+07:00 DEBUG 161328 --- [stdmanager] [http-nio-8080-exec-5] s.w.s.m.m.a.RequestMappingHandlerMapping : Mapped to uni.it.stdmanager.modules.v_semester.controller.SemesterController#getAllSemesters()
2026-05-02T00:06:02.449+07:00 DEBUG 161328 --- [stdmanager] [http-nio-8080-exec-5] m.m.a.RequestResponseBodyMethodProcessor : Using 'application/json', given [application/json, text/plain, */*] and supported [application/json, application/*+json, application/yaml]
2026-05-02T00:06:02.449+07:00 DEBUG 161328 --- [stdmanager] [http-nio-8080-exec-5] m.m.a.RequestResponseBodyMethodProcessor : Writing [ApiResponse(success=true, message=Lấy danh sách học kỳ thành công, data=[SemesterResponse(id=ecd09ea (truncated)...]
2026-05-02T00:06:02.451+07:00 DEBUG 161328 --- [stdmanager] [http-nio-8080-exec-5] o.s.web.servlet.DispatcherServlet        : Completed 200 OK
2026-05-02T00:06:02.476+07:00 DEBUG 161328 --- [stdmanager] [http-nio-8080-exec-4] o.s.web.servlet.DispatcherServlet        : GET "/api/v1/semesters", parameters={}
2026-05-02T00:06:02.477+07:00 DEBUG 161328 --- [stdmanager] [http-nio-8080-exec-4] s.w.s.m.m.a.RequestMappingHandlerMapping : Mapped to uni.it.stdmanager.modules.v_semester.controller.SemesterController#getAllSemesters()
2026-05-02T00:06:02.487+07:00 DEBUG 161328 --- [stdmanager] [http-nio-8080-exec-4] m.m.a.RequestResponseBodyMethodProcessor : Using 'application/json', given [application/json, text/plain, */*] and supported [application/json, application/*+json, application/yaml]
2026-05-02T00:06:02.488+07:00 DEBUG 161328 --- [stdmanager] [http-nio-8080-exec-4] m.m.a.RequestResponseBodyMethodProcessor : Writing [ApiResponse(success=true, message=Lấy danh sách học kỳ thành công, data=[SemesterResponse(id=ecd09ea (truncated)...]
2026-05-02T00:06:02.488+07:00 DEBUG 161328 --- [stdmanager] [http-nio-8080-exec-4] o.s.web.servlet.DispatcherServlet        : Completed 200 OK
2026-05-02T00:06:02.529+07:00 DEBUG 161328 --- [stdmanager] [http-nio-8080-exec-7] o.s.web.servlet.DispatcherServlet        : GET "/api/v1/course-sections/semester/ecd09eab-b3cf-43cc-811d-588a2ba404c4", parameters={}
2026-05-02T00:06:02.529+07:00 DEBUG 161328 --- [stdmanager] [http-nio-8080-exec-7] s.w.s.m.m.a.RequestMappingHandlerMapping : Mapped to uni.it.stdmanager.modules.v_semester.controller.CourseSectionController#getSectionsBySemester(UUID)
2026-05-02T00:06:02.537+07:00 DEBUG 161328 --- [stdmanager] [http-nio-8080-exec-7] m.m.a.RequestResponseBodyMethodProcessor : Using 'application/json', given [application/json, text/plain, */*] and supported [application/json, application/*+json, application/yaml]
2026-05-02T00:06:02.538+07:00 DEBUG 161328 --- [stdmanager] [http-nio-8080-exec-7] m.m.a.RequestResponseBodyMethodProcessor : Writing [ApiResponse(success=true, message=Lấy danh sách lớp học phần thành công, data=[], code=null, timesta (truncated)...]
2026-05-02T00:06:02.538+07:00 DEBUG 161328 --- [stdmanager] [http-nio-8080-exec-7] o.s.web.servlet.DispatcherServlet        : Completed 200 OK
2026-05-02T00:06:02.677+07:00 DEBUG 161328 --- [stdmanager] [http-nio-8080-exec-8] o.s.web.servlet.DispatcherServlet        : GET "/api/v1/course-sections/semester/ecd09eab-b3cf-43cc-811d-588a2ba404c4", parameters={}
2026-05-02T00:06:02.677+07:00 DEBUG 161328 --- [stdmanager] [http-nio-8080-exec-8] s.w.s.m.m.a.RequestMappingHandlerMapping : Mapped to uni.it.stdmanager.modules.v_semester.controller.CourseSectionController#getSectionsBySemester(UUID)
2026-05-02T00:06:02.685+07:00 DEBUG 161328 --- [stdmanager] [http-nio-8080-exec-8] m.m.a.RequestResponseBodyMethodProcessor : Using 'application/json', given [application/json, text/plain, */*] and supported [application/json, application/*+json, application/yaml]
2026-05-02T00:06:02.686+07:00 DEBUG 161328 --- [stdmanager] [http-nio-8080-exec-8] m.m.a.RequestResponseBodyMethodProcessor : Writing [ApiResponse(success=true, message=Lấy danh sách lớp học phần thành công, data=[], code=null, timesta (truncated)...]
2026-05-02T00:06:02.688+07:00 DEBUG 161328 --- [stdmanager] [http-nio-8080-exec-8] o.s.web.servlet.DispatcherServlet        : Completed 200 OK
2026-05-02T00:06:03.789+07:00 DEBUG 161328 --- [stdmanager] [http-nio-8080-exec-10] o.s.web.servlet.DispatcherServlet        : GET "/api/v1/course-sections/semester/88fbb9d7-7439-4066-94aa-0f7b11d0f1e7", parameters={}
2026-05-02T00:06:03.790+07:00 DEBUG 161328 --- [stdmanager] [http-nio-8080-exec-10] s.w.s.m.m.a.RequestMappingHandlerMapping : Mapped to uni.it.stdmanager.modules.v_semester.controller.CourseSectionController#getSectionsBySemester(UUID)
2026-05-02T00:06:03.810+07:00 DEBUG 161328 --- [stdmanager] [http-nio-8080-exec-10] m.m.a.RequestResponseBodyMethodProcessor : Using 'application/json', given [application/json, text/plain, */*] and supported [application/json, application/*+json, application/yaml]
2026-05-02T00:06:03.813+07:00 DEBUG 161328 --- [stdmanager] [http-nio-8080-exec-10] m.m.a.RequestResponseBodyMethodProcessor : Writing [ApiResponse(success=true, message=Lấy danh sách lớp học phần thành công, data=[CourseSectionResponse (truncated)...]
2026-05-02T00:06:03.816+07:00 DEBUG 161328 --- [stdmanager] [http-nio-8080-exec-10] o.s.web.servlet.DispatcherServlet        : Completed 200 OK
2026-05-02T00:06:04.240+07:00 DEBUG 161328 --- [stdmanager] [http-nio-8080-exec-3] o.s.web.servlet.DispatcherServlet        : GET "/api/v1/course-sections/semester/f944c927-e349-48e5-870c-1084793d7e60", parameters={}
2026-05-02T00:06:04.240+07:00 DEBUG 161328 --- [stdmanager] [http-nio-8080-exec-3] s.w.s.m.m.a.RequestMappingHandlerMapping : Mapped to uni.it.stdmanager.modules.v_semester.controller.CourseSectionController#getSectionsBySemester(UUID)
2026-05-02T00:06:04.245+07:00 DEBUG 161328 --- [stdmanager] [http-nio-8080-exec-3] m.m.a.RequestResponseBodyMethodProcessor : Using 'application/json', given [application/json, text/plain, */*] and supported [application/json, application/*+json, application/yaml]
2026-05-02T00:06:04.245+07:00 DEBUG 161328 --- [stdmanager] [http-nio-8080-exec-3] m.m.a.RequestResponseBodyMethodProcessor : Writing [ApiResponse(success=true, message=Lấy danh sách lớp học phần thành công, data=[], code=null, timesta (truncated)...]
2026-05-02T00:06:04.246+07:00 DEBUG 161328 --- [stdmanager] [http-nio-8080-exec-3] o.s.web.servlet.DispatcherServlet        : Completed 200 OK
2026-05-02T00:06:05.194+07:00 DEBUG 161328 --- [stdmanager] [http-nio-8080-exec-1] o.s.web.servlet.DispatcherServlet        : GET "/api/v1/course-sections/semester/88fbb9d7-7439-4066-94aa-0f7b11d0f1e7", parameters={}
2026-05-02T00:06:05.195+07:00 DEBUG 161328 --- [stdmanager] [http-nio-8080-exec-1] s.w.s.m.m.a.RequestMappingHandlerMapping : Mapped to uni.it.stdmanager.modules.v_semester.controller.CourseSectionController#getSectionsBySemester(UUID)
2026-05-02T00:06:05.210+07:00 DEBUG 161328 --- [stdmanager] [http-nio-8080-exec-1] m.m.a.RequestResponseBodyMethodProcessor : Using 'application/json', given [application/json, text/plain, */*] and supported [application/json, application/*+json, application/yaml]
2026-05-02T00:06:05.210+07:00 DEBUG 161328 --- [stdmanager] [http-nio-8080-exec-1] m.m.a.RequestResponseBodyMethodProcessor : Writing [ApiResponse(success=true, message=Lấy danh sách lớp học phần thành công, data=[CourseSectionResponse (truncated)...]
2026-05-02T00:06:05.211+07:00 DEBUG 161328 --- [stdmanager] [http-nio-8080-exec-1] o.s.web.servlet.DispatcherServlet        : Completed 200 OK
2026-05-02T00:06:15.238+07:00 DEBUG 161328 --- [stdmanager] [http-nio-8080-exec-7] o.s.web.servlet.DispatcherServlet        : GET "/api/v1/courses", parameters={}
2026-05-02T00:06:15.238+07:00 DEBUG 161328 --- [stdmanager] [http-nio-8080-exec-6] o.s.web.servlet.DispatcherServlet        : GET "/api/v1/employees", parameters={}
2026-05-02T00:06:15.238+07:00 DEBUG 161328 --- [stdmanager] [http-nio-8080-exec-7] s.w.s.m.m.a.RequestMappingHandlerMapping : Mapped to uni.it.stdmanager.modules.iv_course.controller.CourseController#getAllCourses()
2026-05-02T00:06:15.238+07:00 DEBUG 161328 --- [stdmanager] [http-nio-8080-exec-6] s.w.s.m.m.a.RequestMappingHandlerMapping : Mapped to uni.it.stdmanager.modules.iii_lecturer.controller.EmployeeController#searchEmployees(String, UUID, UUID, int, int, String, String)
2026-05-02T00:06:15.245+07:00 DEBUG 161328 --- [stdmanager] [http-nio-8080-exec-7] m.m.a.RequestResponseBodyMethodProcessor : Using 'application/json', given [application/json, text/plain, */*] and supported [application/json, application/*+json, application/yaml]
2026-05-02T00:06:15.246+07:00 DEBUG 161328 --- [stdmanager] [http-nio-8080-exec-7] m.m.a.RequestResponseBodyMethodProcessor : Writing [ApiResponse(success=true, message=Lấy danh sách môn học thành công, data=[CourseResponse(id=f0c5f4a9 (truncated)...]
2026-05-02T00:06:15.247+07:00 DEBUG 161328 --- [stdmanager] [http-nio-8080-exec-7] o.s.web.servlet.DispatcherServlet        : Completed 200 OK
2026-05-02T00:06:15.254+07:00 DEBUG 161328 --- [stdmanager] [http-nio-8080-exec-6] m.m.a.RequestResponseBodyMethodProcessor : Using 'application/json', given [application/json, text/plain, */*] and supported [application/json, application/*+json, application/yaml]
2026-05-02T00:06:15.254+07:00 DEBUG 161328 --- [stdmanager] [http-nio-8080-exec-6] m.m.a.RequestResponseBodyMethodProcessor : Writing [ApiResponse(success=true, message=Lấy danh sách giảng viên/nhân viên thành công, data=Page 1 of 1 co (truncated)...]
2026-05-02T00:06:15.255+07:00 DEBUG 161328 --- [stdmanager] [http-nio-8080-exec-6] o.s.web.servlet.DispatcherServlet        : Completed 200 OK
2026-05-02T00:06:28.984+07:00 DEBUG 161328 --- [stdmanager] [http-nio-8080-exec-10] o.s.web.servlet.DispatcherServlet        : GET "/api/v1/courses", parameters={}
2026-05-02T00:06:28.985+07:00 DEBUG 161328 --- [stdmanager] [http-nio-8080-exec-10] s.w.s.m.m.a.RequestMappingHandlerMapping : Mapped to uni.it.stdmanager.modules.iv_course.controller.CourseController#getAllCourses()
2026-05-02T00:06:28.995+07:00 DEBUG 161328 --- [stdmanager] [http-nio-8080-exec-10] m.m.a.RequestResponseBodyMethodProcessor : Using 'application/json', given [application/json, text/plain, */*] and supported [application/json, application/*+json, application/yaml]
2026-05-02T00:06:28.996+07:00 DEBUG 161328 --- [stdmanager] [http-nio-8080-exec-10] m.m.a.RequestResponseBodyMethodProcessor : Writing [ApiResponse(success=true, message=Lấy danh sách môn học thành công, data=[CourseResponse(id=f0c5f4a9 (truncated)...]
2026-05-02T00:06:28.997+07:00 DEBUG 161328 --- [stdmanager] [http-nio-8080-exec-10] o.s.web.servlet.DispatcherServlet        : Completed 200 OK
2026-05-02T00:06:29.020+07:00 DEBUG 161328 --- [stdmanager] [http-nio-8080-exec-2] o.s.web.servlet.DispatcherServlet        : GET "/api/v1/courses", parameters={}
2026-05-02T00:06:29.021+07:00 DEBUG 161328 --- [stdmanager] [http-nio-8080-exec-2] s.w.s.m.m.a.RequestMappingHandlerMapping : Mapped to uni.it.stdmanager.modules.iv_course.controller.CourseController#getAllCourses()
2026-05-02T00:06:29.030+07:00 DEBUG 161328 --- [stdmanager] [http-nio-8080-exec-2] m.m.a.RequestResponseBodyMethodProcessor : Using 'application/json', given [application/json, text/plain, */*] and supported [application/json, application/*+json, application/yaml]
2026-05-02T00:06:29.031+07:00 DEBUG 161328 --- [stdmanager] [http-nio-8080-exec-2] m.m.a.RequestResponseBodyMethodProcessor : Writing [ApiResponse(success=true, message=Lấy danh sách môn học thành công, data=[CourseResponse(id=f0c5f4a9 (truncated)...]
2026-05-02T00:06:29.034+07:00 DEBUG 161328 --- [stdmanager] [http-nio-8080-exec-2] o.s.web.servlet.DispatcherServlet        : Completed 200 OK
2026-05-02T00:06:31.449+07:00 DEBUG 161328 --- [stdmanager] [http-nio-8080-exec-5] o.s.web.servlet.DispatcherServlet        : GET "/api/v1/semesters", parameters={}
2026-05-02T00:06:31.450+07:00 DEBUG 161328 --- [stdmanager] [http-nio-8080-exec-5] s.w.s.m.m.a.RequestMappingHandlerMapping : Mapped to uni.it.stdmanager.modules.v_semester.controller.SemesterController#getAllSemesters()
2026-05-02T00:06:31.455+07:00 DEBUG 161328 --- [stdmanager] [http-nio-8080-exec-5] m.m.a.RequestResponseBodyMethodProcessor : Using 'application/json', given [application/json, text/plain, */*] and supported [application/json, application/*+json, application/yaml]
2026-05-02T00:06:31.456+07:00 DEBUG 161328 --- [stdmanager] [http-nio-8080-exec-5] m.m.a.RequestResponseBodyMethodProcessor : Writing [ApiResponse(success=true, message=Lấy danh sách học kỳ thành công, data=[SemesterResponse(id=ecd09ea (truncated)...]
2026-05-02T00:06:31.456+07:00 DEBUG 161328 --- [stdmanager] [http-nio-8080-exec-5] o.s.web.servlet.DispatcherServlet        : Completed 200 OK
2026-05-02T00:06:31.497+07:00 DEBUG 161328 --- [stdmanager] [http-nio-8080-exec-4] o.s.web.servlet.DispatcherServlet        : GET "/api/v1/semesters", parameters={}
2026-05-02T00:06:31.498+07:00 DEBUG 161328 --- [stdmanager] [http-nio-8080-exec-4] s.w.s.m.m.a.RequestMappingHandlerMapping : Mapped to uni.it.stdmanager.modules.v_semester.controller.SemesterController#getAllSemesters()
2026-05-02T00:06:31.506+07:00 DEBUG 161328 --- [stdmanager] [http-nio-8080-exec-4] m.m.a.RequestResponseBodyMethodProcessor : Using 'application/json', given [application/json, text/plain, */*] and supported [application/json, application/*+json, application/yaml]
2026-05-02T00:06:31.506+07:00 DEBUG 161328 --- [stdmanager] [http-nio-8080-exec-4] m.m.a.RequestResponseBodyMethodProcessor : Writing [ApiResponse(success=true, message=Lấy danh sách học kỳ thành công, data=[SemesterResponse(id=ecd09ea (truncated)...]
2026-05-02T00:06:31.507+07:00 DEBUG 161328 --- [stdmanager] [http-nio-8080-exec-4] o.s.web.servlet.DispatcherServlet        : Completed 200 OK
2026-05-02T00:06:31.573+07:00 DEBUG 161328 --- [stdmanager] [http-nio-8080-exec-6] o.s.web.servlet.DispatcherServlet        : GET "/api/v1/course-sections/semester/ecd09eab-b3cf-43cc-811d-588a2ba404c4", parameters={}
2026-05-02T00:06:31.574+07:00 DEBUG 161328 --- [stdmanager] [http-nio-8080-exec-6] s.w.s.m.m.a.RequestMappingHandlerMapping : Mapped to uni.it.stdmanager.modules.v_semester.controller.CourseSectionController#getSectionsBySemester(UUID)
2026-05-02T00:06:31.583+07:00 DEBUG 161328 --- [stdmanager] [http-nio-8080-exec-6] m.m.a.RequestResponseBodyMethodProcessor : Using 'application/json', given [application/json, text/plain, */*] and supported [application/json, application/*+json, application/yaml]
2026-05-02T00:06:31.584+07:00 DEBUG 161328 --- [stdmanager] [http-nio-8080-exec-6] m.m.a.RequestResponseBodyMethodProcessor : Writing [ApiResponse(success=true, message=Lấy danh sách lớp học phần thành công, data=[], code=null, timesta (truncated)...]
2026-05-02T00:06:31.586+07:00 DEBUG 161328 --- [stdmanager] [http-nio-8080-exec-6] o.s.web.servlet.DispatcherServlet        : Completed 200 OK
2026-05-02T00:06:31.650+07:00 DEBUG 161328 --- [stdmanager] [http-nio-8080-exec-8] o.s.web.servlet.DispatcherServlet        : GET "/api/v1/course-sections/semester/ecd09eab-b3cf-43cc-811d-588a2ba404c4", parameters={}
2026-05-02T00:06:31.651+07:00 DEBUG 161328 --- [stdmanager] [http-nio-8080-exec-8] s.w.s.m.m.a.RequestMappingHandlerMapping : Mapped to uni.it.stdmanager.modules.v_semester.controller.CourseSectionController#getSectionsBySemester(UUID)
2026-05-02T00:06:31.654+07:00 DEBUG 161328 --- [stdmanager] [http-nio-8080-exec-8] m.m.a.RequestResponseBodyMethodProcessor : Using 'application/json', given [application/json, text/plain, */*] and supported [application/json, application/*+json, application/yaml]
2026-05-02T00:06:31.655+07:00 DEBUG 161328 --- [stdmanager] [http-nio-8080-exec-8] m.m.a.RequestResponseBodyMethodProcessor : Writing [ApiResponse(success=true, message=Lấy danh sách lớp học phần thành công, data=[], code=null, timesta (truncated)...]
2026-05-02T00:06:31.655+07:00 DEBUG 161328 --- [stdmanager] [http-nio-8080-exec-8] o.s.web.servlet.DispatcherServlet        : Completed 200 OK
2026-05-02T00:06:33.038+07:00 DEBUG 161328 --- [stdmanager] [http-nio-8080-exec-10] o.s.web.servlet.DispatcherServlet        : GET "/api/v1/course-sections/semester/88fbb9d7-7439-4066-94aa-0f7b11d0f1e7", parameters={}
2026-05-02T00:06:33.038+07:00 DEBUG 161328 --- [stdmanager] [http-nio-8080-exec-10] s.w.s.m.m.a.RequestMappingHandlerMapping : Mapped to uni.it.stdmanager.modules.v_semester.controller.CourseSectionController#getSectionsBySemester(UUID)
2026-05-02T00:06:33.048+07:00 DEBUG 161328 --- [stdmanager] [http-nio-8080-exec-10] m.m.a.RequestResponseBodyMethodProcessor : Using 'application/json', given [application/json, text/plain, */*] and supported [application/json, application/*+json, application/yaml]
2026-05-02T00:06:33.049+07:00 DEBUG 161328 --- [stdmanager] [http-nio-8080-exec-10] m.m.a.RequestResponseBodyMethodProcessor : Writing [ApiResponse(success=true, message=Lấy danh sách lớp học phần thành công, data=[CourseSectionResponse (truncated)...]
2026-05-02T00:06:33.050+07:00 DEBUG 161328 --- [stdmanager] [http-nio-8080-exec-10] o.s.web.servlet.DispatcherServlet        : Completed 200 OK
2026-05-02T00:06:33.710+07:00 DEBUG 161328 --- [stdmanager] [http-nio-8080-exec-3] o.s.web.servlet.DispatcherServlet        : GET "/api/v1/course-sections/semester/f944c927-e349-48e5-870c-1084793d7e60", parameters={}
2026-05-02T00:06:33.711+07:00 DEBUG 161328 --- [stdmanager] [http-nio-8080-exec-3] s.w.s.m.m.a.RequestMappingHandlerMapping : Mapped to uni.it.stdmanager.modules.v_semester.controller.CourseSectionController#getSectionsBySemester(UUID)
2026-05-02T00:06:33.718+07:00 DEBUG 161328 --- [stdmanager] [http-nio-8080-exec-3] m.m.a.RequestResponseBodyMethodProcessor : Using 'application/json', given [application/json, text/plain, */*] and supported [application/json, application/*+json, application/yaml]
2026-05-02T00:06:33.718+07:00 DEBUG 161328 --- [stdmanager] [http-nio-8080-exec-3] m.m.a.RequestResponseBodyMethodProcessor : Writing [ApiResponse(success=true, message=Lấy danh sách lớp học phần thành công, data=[], code=null, timesta (truncated)...]
2026-05-02T00:06:33.718+07:00 DEBUG 161328 --- [stdmanager] [http-nio-8080-exec-3] o.s.web.servlet.DispatcherServlet        : Completed 200 OK
2026-05-02T00:06:34.900+07:00 DEBUG 161328 --- [stdmanager] [http-nio-8080-exec-8] o.s.web.servlet.DispatcherServlet        : GET "/api/v1/positions", parameters={}
2026-05-02T00:06:34.901+07:00 DEBUG 161328 --- [stdmanager] [http-nio-8080-exec-8] s.w.s.m.m.a.RequestMappingHandlerMapping : Mapped to uni.it.stdmanager.modules.iii_lecturer.controller.PositionController#getAllActivePositions()
2026-05-02T00:06:34.905+07:00 DEBUG 161328 --- [stdmanager] [http-nio-8080-exec-6] o.s.web.servlet.DispatcherServlet        : GET "/api/v1/departments", parameters={}
2026-05-02T00:06:34.906+07:00 DEBUG 161328 --- [stdmanager] [http-nio-8080-exec-6] s.w.s.m.m.a.RequestMappingHandlerMapping : Mapped to uni.it.stdmanager.modules.iii_lecturer.controller.DepartmentController#getAllActiveDepartments()
2026-05-02T00:06:34.910+07:00 DEBUG 161328 --- [stdmanager] [http-nio-8080-exec-10] o.s.web.servlet.DispatcherServlet        : GET "/api/v1/employees?page=0&size=10&keyword=", parameters={masked}
2026-05-02T00:06:34.911+07:00 DEBUG 161328 --- [stdmanager] [http-nio-8080-exec-10] s.w.s.m.m.a.RequestMappingHandlerMapping : Mapped to uni.it.stdmanager.modules.iii_lecturer.controller.EmployeeController#searchEmployees(String, UUID, UUID, int, int, String, String)
2026-05-02T00:06:34.913+07:00 DEBUG 161328 --- [stdmanager] [http-nio-8080-exec-6] m.m.a.RequestResponseBodyMethodProcessor : Using 'application/json', given [application/json, text/plain, */*] and supported [application/json, application/*+json, application/yaml]
2026-05-02T00:06:34.913+07:00 DEBUG 161328 --- [stdmanager] [http-nio-8080-exec-6] m.m.a.RequestResponseBodyMethodProcessor : Writing [ApiResponse(success=true, message=Lấy danh sách khoa/viện thành công, data=[DepartmentResponse(id=9e (truncated)...]
2026-05-02T00:06:34.916+07:00 DEBUG 161328 --- [stdmanager] [http-nio-8080-exec-6] o.s.web.servlet.DispatcherServlet        : Completed 200 OK
2026-05-02T00:06:34.924+07:00 DEBUG 161328 --- [stdmanager] [http-nio-8080-exec-8] m.m.a.RequestResponseBodyMethodProcessor : Using 'application/json', given [application/json, text/plain, */*] and supported [application/json, application/*+json, application/yaml]
2026-05-02T00:06:34.928+07:00 DEBUG 161328 --- [stdmanager] [http-nio-8080-exec-8] m.m.a.RequestResponseBodyMethodProcessor : Writing [ApiResponse(success=true, message=Lấy danh sách chức danh thành công, data=[PositionResponse(id=42eb (truncated)...]
2026-05-02T00:06:34.935+07:00 DEBUG 161328 --- [stdmanager] [http-nio-8080-exec-10] m.m.a.RequestResponseBodyMethodProcessor : Using 'application/json', given [application/json, text/plain, */*] and supported [application/json, application/*+json, application/yaml]
2026-05-02T00:06:34.936+07:00 DEBUG 161328 --- [stdmanager] [http-nio-8080-exec-8] o.s.web.servlet.DispatcherServlet        : Completed 200 OK
2026-05-02T00:06:34.936+07:00 DEBUG 161328 --- [stdmanager] [http-nio-8080-exec-10] m.m.a.RequestResponseBodyMethodProcessor : Writing [ApiResponse(success=true, message=Lấy danh sách giảng viên/nhân viên thành công, data=Page 1 of 1 co (truncated)...]
2026-05-02T00:06:34.938+07:00 DEBUG 161328 --- [stdmanager] [http-nio-8080-exec-10] o.s.web.servlet.DispatcherServlet        : Completed 200 OK
2026-05-02T00:06:34.941+07:00 DEBUG 161328 --- [stdmanager] [http-nio-8080-exec-2] o.s.web.servlet.DispatcherServlet        : GET "/api/v1/departments", parameters={}
2026-05-02T00:06:34.942+07:00 DEBUG 161328 --- [stdmanager] [http-nio-8080-exec-2] s.w.s.m.m.a.RequestMappingHandlerMapping : Mapped to uni.it.stdmanager.modules.iii_lecturer.controller.DepartmentController#getAllActiveDepartments()
2026-05-02T00:06:34.961+07:00 DEBUG 161328 --- [stdmanager] [http-nio-8080-exec-2] m.m.a.RequestResponseBodyMethodProcessor : Using 'application/json', given [application/json, text/plain, */*] and supported [application/json, application/*+json, application/yaml]
2026-05-02T00:06:34.961+07:00 DEBUG 161328 --- [stdmanager] [http-nio-8080-exec-2] m.m.a.RequestResponseBodyMethodProcessor : Writing [ApiResponse(success=true, message=Lấy danh sách khoa/viện thành công, data=[DepartmentResponse(id=9e (truncated)...]
2026-05-02T00:06:34.962+07:00 DEBUG 161328 --- [stdmanager] [http-nio-8080-exec-2] o.s.web.servlet.DispatcherServlet        : Completed 200 OK
2026-05-02T00:06:34.966+07:00 DEBUG 161328 --- [stdmanager] [http-nio-8080-exec-10] o.s.web.servlet.DispatcherServlet        : GET "/api/v1/positions", parameters={}
2026-05-02T00:06:34.967+07:00 DEBUG 161328 --- [stdmanager] [http-nio-8080-exec-10] s.w.s.m.m.a.RequestMappingHandlerMapping : Mapped to uni.it.stdmanager.modules.iii_lecturer.controller.PositionController#getAllActivePositions()
2026-05-02T00:06:34.969+07:00 DEBUG 161328 --- [stdmanager] [http-nio-8080-exec-3] o.s.web.servlet.DispatcherServlet        : GET "/api/v1/employees?page=0&size=10&keyword=", parameters={masked}
2026-05-02T00:06:34.969+07:00 DEBUG 161328 --- [stdmanager] [http-nio-8080-exec-3] s.w.s.m.m.a.RequestMappingHandlerMapping : Mapped to uni.it.stdmanager.modules.iii_lecturer.controller.EmployeeController#searchEmployees(String, UUID, UUID, int, int, String, String)
2026-05-02T00:06:34.980+07:00 DEBUG 161328 --- [stdmanager] [http-nio-8080-exec-10] m.m.a.RequestResponseBodyMethodProcessor : Using 'application/json', given [application/json, text/plain, */*] and supported [application/json, application/*+json, application/yaml]
2026-05-02T00:06:34.980+07:00 DEBUG 161328 --- [stdmanager] [http-nio-8080-exec-10] m.m.a.RequestResponseBodyMethodProcessor : Writing [ApiResponse(success=true, message=Lấy danh sách chức danh thành công, data=[PositionResponse(id=42eb (truncated)...]
2026-05-02T00:06:34.981+07:00 DEBUG 161328 --- [stdmanager] [http-nio-8080-exec-10] o.s.web.servlet.DispatcherServlet        : Completed 200 OK
2026-05-02T00:06:34.989+07:00 DEBUG 161328 --- [stdmanager] [http-nio-8080-exec-3] m.m.a.RequestResponseBodyMethodProcessor : Using 'application/json', given [application/json, text/plain, */*] and supported [application/json, application/*+json, application/yaml]
2026-05-02T00:06:34.989+07:00 DEBUG 161328 --- [stdmanager] [http-nio-8080-exec-3] m.m.a.RequestResponseBodyMethodProcessor : Writing [ApiResponse(success=true, message=Lấy danh sách giảng viên/nhân viên thành công, data=Page 1 of 1 co (truncated)...]
2026-05-02T00:06:34.989+07:00 DEBUG 161328 --- [stdmanager] [http-nio-8080-exec-3] o.s.web.servlet.DispatcherServlet        : Completed 200 OK
2026-05-02T00:06:35.530+07:00 DEBUG 161328 --- [stdmanager] [http-nio-8080-exec-7] o.s.web.servlet.DispatcherServlet        : GET "/api/v1/student-classes/hierarchy", parameters={}
2026-05-02T00:06:35.531+07:00 DEBUG 161328 --- [stdmanager] [http-nio-8080-exec-7] s.w.s.m.m.a.RequestMappingHandlerMapping : Mapped to uni.it.stdmanager.modules.ii_student.controller.StudentClassController#getClassHierarchy()
2026-05-02T00:06:35.568+07:00 DEBUG 161328 --- [stdmanager] [http-nio-8080-exec-7] m.m.a.RequestResponseBodyMethodProcessor : Using 'application/json', given [application/json, text/plain, */*] and supported [application/json, application/*+json, application/yaml]
2026-05-02T00:06:35.570+07:00 DEBUG 161328 --- [stdmanager] [http-nio-8080-exec-7] m.m.a.RequestResponseBodyMethodProcessor : Writing [ApiResponse(success=true, message=Lấy cấu trúc cây danh mục lớp thành công, data=[DepartmentHierarch (truncated)...]
2026-05-02T00:06:35.577+07:00 DEBUG 161328 --- [stdmanager] [http-nio-8080-exec-7] o.s.web.servlet.DispatcherServlet        : Completed 200 OK
2026-05-02T00:06:35.593+07:00 DEBUG 161328 --- [stdmanager] [http-nio-8080-exec-9] o.s.web.servlet.DispatcherServlet        : GET "/api/v1/student-classes/hierarchy", parameters={}
2026-05-02T00:06:35.593+07:00 DEBUG 161328 --- [stdmanager] [http-nio-8080-exec-9] s.w.s.m.m.a.RequestMappingHandlerMapping : Mapped to uni.it.stdmanager.modules.ii_student.controller.StudentClassController#getClassHierarchy()
2026-05-02T00:06:35.608+07:00 DEBUG 161328 --- [stdmanager] [http-nio-8080-exec-9] m.m.a.RequestResponseBodyMethodProcessor : Using 'application/json', given [application/json, text/plain, */*] and supported [application/json, application/*+json, application/yaml]
2026-05-02T00:06:35.608+07:00 DEBUG 161328 --- [stdmanager] [http-nio-8080-exec-9] m.m.a.RequestResponseBodyMethodProcessor : Writing [ApiResponse(success=true, message=Lấy cấu trúc cây danh mục lớp thành công, data=[DepartmentHierarch (truncated)...]
2026-05-02T00:06:35.608+07:00 DEBUG 161328 --- [stdmanager] [http-nio-8080-exec-9] o.s.web.servlet.DispatcherServlet        : Completed 200 OK
2026-05-02T00:06:36.340+07:00 DEBUG 161328 --- [stdmanager] [http-nio-8080-exec-5] o.s.web.servlet.DispatcherServlet        : GET "/api/v1/employees?page=0&size=10&keyword=", parameters={masked}
2026-05-02T00:06:36.340+07:00 DEBUG 161328 --- [stdmanager] [http-nio-8080-exec-6] o.s.web.servlet.DispatcherServlet        : GET "/api/v1/departments", parameters={}
2026-05-02T00:06:36.340+07:00 DEBUG 161328 --- [stdmanager] [http-nio-8080-exec-8] o.s.web.servlet.DispatcherServlet        : GET "/api/v1/positions", parameters={}
2026-05-02T00:06:36.340+07:00 DEBUG 161328 --- [stdmanager] [http-nio-8080-exec-5] s.w.s.m.m.a.RequestMappingHandlerMapping : Mapped to uni.it.stdmanager.modules.iii_lecturer.controller.EmployeeController#searchEmployees(String, UUID, UUID, int, int, String, String)
2026-05-02T00:06:36.340+07:00 DEBUG 161328 --- [stdmanager] [http-nio-8080-exec-6] s.w.s.m.m.a.RequestMappingHandlerMapping : Mapped to uni.it.stdmanager.modules.iii_lecturer.controller.DepartmentController#getAllActiveDepartments()
2026-05-02T00:06:36.340+07:00 DEBUG 161328 --- [stdmanager] [http-nio-8080-exec-8] s.w.s.m.m.a.RequestMappingHandlerMapping : Mapped to uni.it.stdmanager.modules.iii_lecturer.controller.PositionController#getAllActivePositions()
2026-05-02T00:06:36.348+07:00 DEBUG 161328 --- [stdmanager] [http-nio-8080-exec-6] m.m.a.RequestResponseBodyMethodProcessor : Using 'application/json', given [application/json, text/plain, */*] and supported [application/json, application/*+json, application/yaml]
2026-05-02T00:06:36.348+07:00 DEBUG 161328 --- [stdmanager] [http-nio-8080-exec-8] m.m.a.RequestResponseBodyMethodProcessor : Using 'application/json', given [application/json, text/plain, */*] and supported [application/json, application/*+json, application/yaml]
2026-05-02T00:06:36.348+07:00 DEBUG 161328 --- [stdmanager] [http-nio-8080-exec-6] m.m.a.RequestResponseBodyMethodProcessor : Writing [ApiResponse(success=true, message=Lấy danh sách khoa/viện thành công, data=[DepartmentResponse(id=9e (truncated)...]
2026-05-02T00:06:36.348+07:00 DEBUG 161328 --- [stdmanager] [http-nio-8080-exec-8] m.m.a.RequestResponseBodyMethodProcessor : Writing [ApiResponse(success=true, message=Lấy danh sách chức danh thành công, data=[PositionResponse(id=42eb (truncated)...]
2026-05-02T00:06:36.349+07:00 DEBUG 161328 --- [stdmanager] [http-nio-8080-exec-6] o.s.web.servlet.DispatcherServlet        : Completed 200 OK
2026-05-02T00:06:36.349+07:00 DEBUG 161328 --- [stdmanager] [http-nio-8080-exec-8] o.s.web.servlet.DispatcherServlet        : Completed 200 OK
2026-05-02T00:06:36.361+07:00 DEBUG 161328 --- [stdmanager] [http-nio-8080-exec-5] m.m.a.RequestResponseBodyMethodProcessor : Using 'application/json', given [application/json, text/plain, */*] and supported [application/json, application/*+json, application/yaml]
2026-05-02T00:06:36.361+07:00 DEBUG 161328 --- [stdmanager] [http-nio-8080-exec-5] m.m.a.RequestResponseBodyMethodProcessor : Writing [ApiResponse(success=true, message=Lấy danh sách giảng viên/nhân viên thành công, data=Page 1 of 1 co (truncated)...]
2026-05-02T00:06:36.363+07:00 DEBUG 161328 --- [stdmanager] [http-nio-8080-exec-5] o.s.web.servlet.DispatcherServlet        : Completed 200 OK
2026-05-02T00:06:36.372+07:00 DEBUG 161328 --- [stdmanager] [http-nio-8080-exec-10] o.s.web.servlet.DispatcherServlet        : GET "/api/v1/departments", parameters={}
2026-05-02T00:06:36.372+07:00 DEBUG 161328 --- [stdmanager] [http-nio-8080-exec-2] o.s.web.servlet.DispatcherServlet        : GET "/api/v1/positions", parameters={}
2026-05-02T00:06:36.373+07:00 DEBUG 161328 --- [stdmanager] [http-nio-8080-exec-2] s.w.s.m.m.a.RequestMappingHandlerMapping : Mapped to uni.it.stdmanager.modules.iii_lecturer.controller.PositionController#getAllActivePositions()
2026-05-02T00:06:36.373+07:00 DEBUG 161328 --- [stdmanager] [http-nio-8080-exec-10] s.w.s.m.m.a.RequestMappingHandlerMapping : Mapped to uni.it.stdmanager.modules.iii_lecturer.controller.DepartmentController#getAllActiveDepartments()
2026-05-02T00:06:36.378+07:00 DEBUG 161328 --- [stdmanager] [http-nio-8080-exec-10] m.m.a.RequestResponseBodyMethodProcessor : Using 'application/json', given [application/json, text/plain, */*] and supported [application/json, application/*+json, application/yaml]
2026-05-02T00:06:36.378+07:00 DEBUG 161328 --- [stdmanager] [http-nio-8080-exec-10] m.m.a.RequestResponseBodyMethodProcessor : Writing [ApiResponse(success=true, message=Lấy danh sách khoa/viện thành công, data=[DepartmentResponse(id=9e (truncated)...]
2026-05-02T00:06:36.379+07:00 DEBUG 161328 --- [stdmanager] [http-nio-8080-exec-10] o.s.web.servlet.DispatcherServlet        : Completed 200 OK
2026-05-02T00:06:36.378+07:00 DEBUG 161328 --- [stdmanager] [http-nio-8080-exec-2] m.m.a.RequestResponseBodyMethodProcessor : Using 'application/json', given [application/json, text/plain, */*] and supported [application/json, application/*+json, application/yaml]
2026-05-02T00:06:36.382+07:00 DEBUG 161328 --- [stdmanager] [http-nio-8080-exec-2] m.m.a.RequestResponseBodyMethodProcessor : Writing [ApiResponse(success=true, message=Lấy danh sách chức danh thành công, data=[PositionResponse(id=42eb (truncated)...]
2026-05-02T00:06:36.382+07:00 DEBUG 161328 --- [stdmanager] [http-nio-8080-exec-2] o.s.web.servlet.DispatcherServlet        : Completed 200 OK
2026-05-02T00:06:36.386+07:00 DEBUG 161328 --- [stdmanager] [http-nio-8080-exec-3] o.s.web.servlet.DispatcherServlet        : GET "/api/v1/employees?page=0&size=10&keyword=", parameters={masked}
2026-05-02T00:06:36.387+07:00 DEBUG 161328 --- [stdmanager] [http-nio-8080-exec-3] s.w.s.m.m.a.RequestMappingHandlerMapping : Mapped to uni.it.stdmanager.modules.iii_lecturer.controller.EmployeeController#searchEmployees(String, UUID, UUID, int, int, String, String)
2026-05-02T00:06:36.397+07:00 DEBUG 161328 --- [stdmanager] [http-nio-8080-exec-3] m.m.a.RequestResponseBodyMethodProcessor : Using 'application/json', given [application/json, text/plain, */*] and supported [application/json, application/*+json, application/yaml]
2026-05-02T00:06:36.397+07:00 DEBUG 161328 --- [stdmanager] [http-nio-8080-exec-3] m.m.a.RequestResponseBodyMethodProcessor : Writing [ApiResponse(success=true, message=Lấy danh sách giảng viên/nhân viên thành công, data=Page 1 of 1 co (truncated)...]
2026-05-02T00:06:36.398+07:00 DEBUG 161328 --- [stdmanager] [http-nio-8080-exec-3] o.s.web.servlet.DispatcherServlet        : Completed 200 OK
2026-05-02T00:06:36.758+07:00 DEBUG 161328 --- [stdmanager] [http-nio-8080-exec-7] o.s.web.servlet.DispatcherServlet        : GET "/api/v1/courses", parameters={}
2026-05-02T00:06:36.758+07:00 DEBUG 161328 --- [stdmanager] [http-nio-8080-exec-7] s.w.s.m.m.a.RequestMappingHandlerMapping : Mapped to uni.it.stdmanager.modules.iv_course.controller.CourseController#getAllCourses()
2026-05-02T00:06:36.768+07:00 DEBUG 161328 --- [stdmanager] [http-nio-8080-exec-7] m.m.a.RequestResponseBodyMethodProcessor : Using 'application/json', given [application/json, text/plain, */*] and supported [application/json, application/*+json, application/yaml]
2026-05-02T00:06:36.768+07:00 DEBUG 161328 --- [stdmanager] [http-nio-8080-exec-7] m.m.a.RequestResponseBodyMethodProcessor : Writing [ApiResponse(success=true, message=Lấy danh sách môn học thành công, data=[CourseResponse(id=f0c5f4a9 (truncated)...]
2026-05-02T00:06:36.769+07:00 DEBUG 161328 --- [stdmanager] [http-nio-8080-exec-7] o.s.web.servlet.DispatcherServlet        : Completed 200 OK
2026-05-02T00:06:36.786+07:00 DEBUG 161328 --- [stdmanager] [http-nio-8080-exec-9] o.s.web.servlet.DispatcherServlet        : GET "/api/v1/courses", parameters={}
2026-05-02T00:06:36.786+07:00 DEBUG 161328 --- [stdmanager] [http-nio-8080-exec-9] s.w.s.m.m.a.RequestMappingHandlerMapping : Mapped to uni.it.stdmanager.modules.iv_course.controller.CourseController#getAllCourses()
2026-05-02T00:06:36.792+07:00 DEBUG 161328 --- [stdmanager] [http-nio-8080-exec-9] m.m.a.RequestResponseBodyMethodProcessor : Using 'application/json', given [application/json, text/plain, */*] and supported [application/json, application/*+json, application/yaml]
2026-05-02T00:06:36.792+07:00 DEBUG 161328 --- [stdmanager] [http-nio-8080-exec-9] m.m.a.RequestResponseBodyMethodProcessor : Writing [ApiResponse(success=true, message=Lấy danh sách môn học thành công, data=[CourseResponse(id=f0c5f4a9 (truncated)...]
2026-05-02T00:06:36.793+07:00 DEBUG 161328 --- [stdmanager] [http-nio-8080-exec-9] o.s.web.servlet.DispatcherServlet        : Completed 200 OK
2026-05-02T00:06:37.895+07:00 DEBUG 161328 --- [stdmanager] [http-nio-8080-exec-8] o.s.web.servlet.DispatcherServlet        : GET "/api/v1/departments", parameters={}
2026-05-02T00:06:37.896+07:00 DEBUG 161328 --- [stdmanager] [http-nio-8080-exec-8] s.w.s.m.m.a.RequestMappingHandlerMapping : Mapped to uni.it.stdmanager.modules.iii_lecturer.controller.DepartmentController#getAllActiveDepartments()
2026-05-02T00:06:37.902+07:00 DEBUG 161328 --- [stdmanager] [http-nio-8080-exec-8] m.m.a.RequestResponseBodyMethodProcessor : Using 'application/json', given [application/json, text/plain, */*] and supported [application/json, application/*+json, application/yaml]
2026-05-02T00:06:37.902+07:00 DEBUG 161328 --- [stdmanager] [http-nio-8080-exec-8] m.m.a.RequestResponseBodyMethodProcessor : Writing [ApiResponse(success=true, message=Lấy danh sách khoa/viện thành công, data=[DepartmentResponse(id=9e (truncated)...]
2026-05-02T00:06:37.902+07:00 DEBUG 161328 --- [stdmanager] [http-nio-8080-exec-8] o.s.web.servlet.DispatcherServlet        : Completed 200 OK
2026-05-02T00:10:27.231+07:00 DEBUG 161328 --- [stdmanager] [http-nio-8080-exec-9] o.s.web.servlet.DispatcherServlet        : GET "/api/v1/courses", parameters={}
2026-05-02T00:10:27.232+07:00 DEBUG 161328 --- [stdmanager] [http-nio-8080-exec-9] s.w.s.m.m.a.RequestMappingHandlerMapping : Mapped to uni.it.stdmanager.modules.iv_course.controller.CourseController#getAllCourses()
2026-05-02T00:10:27.242+07:00 DEBUG 161328 --- [stdmanager] [http-nio-8080-exec-9] m.m.a.RequestResponseBodyMethodProcessor : Using 'application/json', given [application/json, text/plain, */*] and supported [application/json, application/*+json, application/yaml]
2026-05-02T00:10:27.242+07:00 DEBUG 161328 --- [stdmanager] [http-nio-8080-exec-9] m.m.a.RequestResponseBodyMethodProcessor : Writing [ApiResponse(success=true, message=Lấy danh sách môn học thành công, data=[CourseResponse(id=f0c5f4a9 (truncated)...]
2026-05-02T00:10:27.243+07:00 DEBUG 161328 --- [stdmanager] [http-nio-8080-exec-9] o.s.web.servlet.DispatcherServlet        : Completed 200 OK
2026-05-02T00:10:27.260+07:00 DEBUG 161328 --- [stdmanager] [http-nio-8080-exec-8] o.s.web.servlet.DispatcherServlet        : GET "/api/v1/courses", parameters={}
2026-05-02T00:10:27.260+07:00 DEBUG 161328 --- [stdmanager] [http-nio-8080-exec-8] s.w.s.m.m.a.RequestMappingHandlerMapping : Mapped to uni.it.stdmanager.modules.iv_course.controller.CourseController#getAllCourses()
2026-05-02T00:10:27.267+07:00 DEBUG 161328 --- [stdmanager] [http-nio-8080-exec-8] m.m.a.RequestResponseBodyMethodProcessor : Using 'application/json', given [application/json, text/plain, */*] and supported [application/json, application/*+json, application/yaml]
2026-05-02T00:10:27.268+07:00 DEBUG 161328 --- [stdmanager] [http-nio-8080-exec-8] m.m.a.RequestResponseBodyMethodProcessor : Writing [ApiResponse(success=true, message=Lấy danh sách môn học thành công, data=[CourseResponse(id=f0c5f4a9 (truncated)...]
2026-05-02T00:10:27.268+07:00 DEBUG 161328 --- [stdmanager] [http-nio-8080-exec-8] o.s.web.servlet.DispatcherServlet        : Completed 200 OK
2026-05-02T00:10:28.451+07:00 DEBUG 161328 --- [stdmanager] [http-nio-8080-exec-10] o.s.web.servlet.DispatcherServlet        : GET "/api/v1/departments", parameters={}
2026-05-02T00:10:28.451+07:00 DEBUG 161328 --- [stdmanager] [http-nio-8080-exec-10] s.w.s.m.m.a.RequestMappingHandlerMapping : Mapped to uni.it.stdmanager.modules.iii_lecturer.controller.DepartmentController#getAllActiveDepartments()
2026-05-02T00:10:28.456+07:00 DEBUG 161328 --- [stdmanager] [http-nio-8080-exec-10] m.m.a.RequestResponseBodyMethodProcessor : Using 'application/json', given [application/json, text/plain, */*] and supported [application/json, application/*+json, application/yaml]
2026-05-02T00:10:28.456+07:00 DEBUG 161328 --- [stdmanager] [http-nio-8080-exec-10] m.m.a.RequestResponseBodyMethodProcessor : Writing [ApiResponse(success=true, message=Lấy danh sách khoa/viện thành công, data=[DepartmentResponse(id=9e (truncated)...]
2026-05-02T00:10:28.457+07:00 DEBUG 161328 --- [stdmanager] [http-nio-8080-exec-10] o.s.web.servlet.DispatcherServlet        : Completed 200 OK
2026-05-02T00:10:35.453+07:00 DEBUG 161328 --- [stdmanager] [http-nio-8080-exec-2] o.s.web.servlet.DispatcherServlet        : GET "/api/v1/semesters", parameters={}
2026-05-02T00:10:35.453+07:00 DEBUG 161328 --- [stdmanager] [http-nio-8080-exec-2] s.w.s.m.m.a.RequestMappingHandlerMapping : Mapped to uni.it.stdmanager.modules.v_semester.controller.SemesterController#getAllSemesters()
2026-05-02T00:10:35.459+07:00 DEBUG 161328 --- [stdmanager] [http-nio-8080-exec-2] m.m.a.RequestResponseBodyMethodProcessor : Using 'application/json', given [application/json, text/plain, */*] and supported [application/json, application/*+json, application/yaml]
2026-05-02T00:10:35.459+07:00 DEBUG 161328 --- [stdmanager] [http-nio-8080-exec-2] m.m.a.RequestResponseBodyMethodProcessor : Writing [ApiResponse(success=true, message=Lấy danh sách học kỳ thành công, data=[SemesterResponse(id=ecd09ea (truncated)...]
2026-05-02T00:10:35.459+07:00 DEBUG 161328 --- [stdmanager] [http-nio-8080-exec-2] o.s.web.servlet.DispatcherServlet        : Completed 200 OK
2026-05-02T00:10:35.476+07:00 DEBUG 161328 --- [stdmanager] [http-nio-8080-exec-1] o.s.web.servlet.DispatcherServlet        : GET "/api/v1/semesters", parameters={}
2026-05-02T00:10:35.477+07:00 DEBUG 161328 --- [stdmanager] [http-nio-8080-exec-1] s.w.s.m.m.a.RequestMappingHandlerMapping : Mapped to uni.it.stdmanager.modules.v_semester.controller.SemesterController#getAllSemesters()
2026-05-02T00:10:35.483+07:00 DEBUG 161328 --- [stdmanager] [http-nio-8080-exec-1] m.m.a.RequestResponseBodyMethodProcessor : Using 'application/json', given [application/json, text/plain, */*] and supported [application/json, application/*+json, application/yaml]
2026-05-02T00:10:35.483+07:00 DEBUG 161328 --- [stdmanager] [http-nio-8080-exec-1] m.m.a.RequestResponseBodyMethodProcessor : Writing [ApiResponse(success=true, message=Lấy danh sách học kỳ thành công, data=[SemesterResponse(id=ecd09ea (truncated)...]
2026-05-02T00:10:35.484+07:00 DEBUG 161328 --- [stdmanager] [http-nio-8080-exec-1] o.s.web.servlet.DispatcherServlet        : Completed 200 OK
2026-05-02T00:10:35.566+07:00 DEBUG 161328 --- [stdmanager] [http-nio-8080-exec-7] o.s.web.servlet.DispatcherServlet        : GET "/api/v1/course-sections/semester/ecd09eab-b3cf-43cc-811d-588a2ba404c4", parameters={}
2026-05-02T00:10:35.566+07:00 DEBUG 161328 --- [stdmanager] [http-nio-8080-exec-7] s.w.s.m.m.a.RequestMappingHandlerMapping : Mapped to uni.it.stdmanager.modules.v_semester.controller.CourseSectionController#getSectionsBySemester(UUID)
2026-05-02T00:10:35.574+07:00 DEBUG 161328 --- [stdmanager] [http-nio-8080-exec-7] m.m.a.RequestResponseBodyMethodProcessor : Using 'application/json', given [application/json, text/plain, */*] and supported [application/json, application/*+json, application/yaml]
2026-05-02T00:10:35.574+07:00 DEBUG 161328 --- [stdmanager] [http-nio-8080-exec-7] m.m.a.RequestResponseBodyMethodProcessor : Writing [ApiResponse(success=true, message=Lấy danh sách lớp học phần thành công, data=[], code=null, timesta (truncated)...]
2026-05-02T00:10:35.574+07:00 DEBUG 161328 --- [stdmanager] [http-nio-8080-exec-7] o.s.web.servlet.DispatcherServlet        : Completed 200 OK
2026-05-02T00:10:35.595+07:00 DEBUG 161328 --- [stdmanager] [http-nio-8080-exec-9] o.s.web.servlet.DispatcherServlet        : GET "/api/v1/course-sections/semester/ecd09eab-b3cf-43cc-811d-588a2ba404c4", parameters={}
2026-05-02T00:10:35.596+07:00 DEBUG 161328 --- [stdmanager] [http-nio-8080-exec-9] s.w.s.m.m.a.RequestMappingHandlerMapping : Mapped to uni.it.stdmanager.modules.v_semester.controller.CourseSectionController#getSectionsBySemester(UUID)
2026-05-02T00:10:35.600+07:00 DEBUG 161328 --- [stdmanager] [http-nio-8080-exec-9] m.m.a.RequestResponseBodyMethodProcessor : Using 'application/json', given [application/json, text/plain, */*] and supported [application/json, application/*+json, application/yaml]
2026-05-02T00:10:35.600+07:00 DEBUG 161328 --- [stdmanager] [http-nio-8080-exec-9] m.m.a.RequestResponseBodyMethodProcessor : Writing [ApiResponse(success=true, message=Lấy danh sách lớp học phần thành công, data=[], code=null, timesta (truncated)...]
2026-05-02T00:10:35.600+07:00 DEBUG 161328 --- [stdmanager] [http-nio-8080-exec-9] o.s.web.servlet.DispatcherServlet        : Completed 200 OK
2026-05-02T00:10:36.708+07:00 DEBUG 161328 --- [stdmanager] [http-nio-8080-exec-3] o.s.web.servlet.DispatcherServlet        : GET "/api/v1/courses", parameters={}
2026-05-02T00:10:36.708+07:00 DEBUG 161328 --- [stdmanager] [http-nio-8080-exec-10] o.s.web.servlet.DispatcherServlet        : GET "/api/v1/employees", parameters={}
2026-05-02T00:10:36.708+07:00 DEBUG 161328 --- [stdmanager] [http-nio-8080-exec-3] s.w.s.m.m.a.RequestMappingHandlerMapping : Mapped to uni.it.stdmanager.modules.iv_course.controller.CourseController#getAllCourses()
2026-05-02T00:10:36.708+07:00 DEBUG 161328 --- [stdmanager] [http-nio-8080-exec-10] s.w.s.m.m.a.RequestMappingHandlerMapping : Mapped to uni.it.stdmanager.modules.iii_lecturer.controller.EmployeeController#searchEmployees(String, UUID, UUID, int, int, String, String)
2026-05-02T00:10:36.713+07:00 DEBUG 161328 --- [stdmanager] [http-nio-8080-exec-3] m.m.a.RequestResponseBodyMethodProcessor : Using 'application/json', given [application/json, text/plain, */*] and supported [application/json, application/*+json, application/yaml]
2026-05-02T00:10:36.713+07:00 DEBUG 161328 --- [stdmanager] [http-nio-8080-exec-3] m.m.a.RequestResponseBodyMethodProcessor : Writing [ApiResponse(success=true, message=Lấy danh sách môn học thành công, data=[CourseResponse(id=f0c5f4a9 (truncated)...]
2026-05-02T00:10:36.714+07:00 DEBUG 161328 --- [stdmanager] [http-nio-8080-exec-3] o.s.web.servlet.DispatcherServlet        : Completed 200 OK
2026-05-02T00:10:36.718+07:00 DEBUG 161328 --- [stdmanager] [http-nio-8080-exec-10] m.m.a.RequestResponseBodyMethodProcessor : Using 'application/json', given [application/json, text/plain, */*] and supported [application/json, application/*+json, application/yaml]
2026-05-02T00:10:36.718+07:00 DEBUG 161328 --- [stdmanager] [http-nio-8080-exec-10] m.m.a.RequestResponseBodyMethodProcessor : Writing [ApiResponse(success=true, message=Lấy danh sách giảng viên/nhân viên thành công, data=Page 1 of 1 co (truncated)...]
2026-05-02T00:10:36.720+07:00 DEBUG 161328 --- [stdmanager] [http-nio-8080-exec-10] o.s.web.servlet.DispatcherServlet        : Completed 200 OK
2026-05-02T00:10:52.606+07:00 DEBUG 161328 --- [stdmanager] [http-nio-8080-exec-2] o.s.web.servlet.DispatcherServlet        : GET "/api/v1/course-sections/semester/88fbb9d7-7439-4066-94aa-0f7b11d0f1e7", parameters={}
2026-05-02T00:10:52.607+07:00 DEBUG 161328 --- [stdmanager] [http-nio-8080-exec-2] s.w.s.m.m.a.RequestMappingHandlerMapping : Mapped to uni.it.stdmanager.modules.v_semester.controller.CourseSectionController#getSectionsBySemester(UUID)
2026-05-02T00:10:52.614+07:00 DEBUG 161328 --- [stdmanager] [http-nio-8080-exec-2] m.m.a.RequestResponseBodyMethodProcessor : Using 'application/json', given [application/json, text/plain, */*] and supported [application/json, application/*+json, application/yaml]
2026-05-02T00:10:52.615+07:00 DEBUG 161328 --- [stdmanager] [http-nio-8080-exec-2] m.m.a.RequestResponseBodyMethodProcessor : Writing [ApiResponse(success=true, message=Lấy danh sách lớp học phần thành công, data=[CourseSectionResponse (truncated)...]
2026-05-02T00:10:52.615+07:00 DEBUG 161328 --- [stdmanager] [http-nio-8080-exec-2] o.s.web.servlet.DispatcherServlet        : Completed 200 OK
2026-05-02T00:10:53.303+07:00 DEBUG 161328 --- [stdmanager] [http-nio-8080-exec-4] o.s.web.servlet.DispatcherServlet        : GET "/api/v1/course-sections/semester/f944c927-e349-48e5-870c-1084793d7e60", parameters={}
2026-05-02T00:10:53.303+07:00 DEBUG 161328 --- [stdmanager] [http-nio-8080-exec-4] s.w.s.m.m.a.RequestMappingHandlerMapping : Mapped to uni.it.stdmanager.modules.v_semester.controller.CourseSectionController#getSectionsBySemester(UUID)
2026-05-02T00:10:53.307+07:00 DEBUG 161328 --- [stdmanager] [http-nio-8080-exec-4] m.m.a.RequestResponseBodyMethodProcessor : Using 'application/json', given [application/json, text/plain, */*] and supported [application/json, application/*+json, application/yaml]
2026-05-02T00:10:53.307+07:00 DEBUG 161328 --- [stdmanager] [http-nio-8080-exec-4] m.m.a.RequestResponseBodyMethodProcessor : Writing [ApiResponse(success=true, message=Lấy danh sách lớp học phần thành công, data=[], code=null, timesta (truncated)...]
2026-05-02T00:10:53.307+07:00 DEBUG 161328 --- [stdmanager] [http-nio-8080-exec-4] o.s.web.servlet.DispatcherServlet        : Completed 200 OK
2026-05-02T00:10:53.947+07:00 DEBUG 161328 --- [stdmanager] [http-nio-8080-exec-9] o.s.web.servlet.DispatcherServlet        : GET "/api/v1/course-sections/semester/1aa964e0-4f90-4608-b170-bc18ae560c2f", parameters={}
2026-05-02T00:10:53.947+07:00 DEBUG 161328 --- [stdmanager] [http-nio-8080-exec-9] s.w.s.m.m.a.RequestMappingHandlerMapping : Mapped to uni.it.stdmanager.modules.v_semester.controller.CourseSectionController#getSectionsBySemester(UUID)
2026-05-02T00:10:53.953+07:00 DEBUG 161328 --- [stdmanager] [http-nio-8080-exec-9] m.m.a.RequestResponseBodyMethodProcessor : Using 'application/json', given [application/json, text/plain, */*] and supported [application/json, application/*+json, application/yaml]
2026-05-02T00:10:53.954+07:00 DEBUG 161328 --- [stdmanager] [http-nio-8080-exec-9] m.m.a.RequestResponseBodyMethodProcessor : Writing [ApiResponse(success=true, message=Lấy danh sách lớp học phần thành công, data=[], code=null, timesta (truncated)...]
2026-05-02T00:10:53.954+07:00 DEBUG 161328 --- [stdmanager] [http-nio-8080-exec-9] o.s.web.servlet.DispatcherServlet        : Completed 200 OK
2026-05-02T00:10:54.728+07:00 DEBUG 161328 --- [stdmanager] [http-nio-8080-exec-6] o.s.web.servlet.DispatcherServlet        : GET "/api/v1/course-sections/semester/f944c927-e349-48e5-870c-1084793d7e60", parameters={}
2026-05-02T00:10:54.729+07:00 DEBUG 161328 --- [stdmanager] [http-nio-8080-exec-6] s.w.s.m.m.a.RequestMappingHandlerMapping : Mapped to uni.it.stdmanager.modules.v_semester.controller.CourseSectionController#getSectionsBySemester(UUID)
2026-05-02T00:10:54.734+07:00 DEBUG 161328 --- [stdmanager] [http-nio-8080-exec-6] m.m.a.RequestResponseBodyMethodProcessor : Using 'application/json', given [application/json, text/plain, */*] and supported [application/json, application/*+json, application/yaml]
2026-05-02T00:10:54.735+07:00 DEBUG 161328 --- [stdmanager] [http-nio-8080-exec-6] m.m.a.RequestResponseBodyMethodProcessor : Writing [ApiResponse(success=true, message=Lấy danh sách lớp học phần thành công, data=[], code=null, timesta (truncated)...]
2026-05-02T00:10:54.735+07:00 DEBUG 161328 --- [stdmanager] [http-nio-8080-exec-6] o.s.web.servlet.DispatcherServlet        : Completed 200 OK
2026-05-02T00:11:02.855+07:00 DEBUG 161328 --- [stdmanager] [http-nio-8080-exec-3] o.s.web.servlet.DispatcherServlet        : GET "/api/v1/course-sections/semester/88fbb9d7-7439-4066-94aa-0f7b11d0f1e7", parameters={}
2026-05-02T00:11:02.856+07:00 DEBUG 161328 --- [stdmanager] [http-nio-8080-exec-3] s.w.s.m.m.a.RequestMappingHandlerMapping : Mapped to uni.it.stdmanager.modules.v_semester.controller.CourseSectionController#getSectionsBySemester(UUID)
2026-05-02T00:11:02.862+07:00 DEBUG 161328 --- [stdmanager] [http-nio-8080-exec-3] m.m.a.RequestResponseBodyMethodProcessor : Using 'application/json', given [application/json, text/plain, */*] and supported [application/json, application/*+json, application/yaml]
2026-05-02T00:11:02.862+07:00 DEBUG 161328 --- [stdmanager] [http-nio-8080-exec-3] m.m.a.RequestResponseBodyMethodProcessor : Writing [ApiResponse(success=true, message=Lấy danh sách lớp học phần thành công, data=[CourseSectionResponse (truncated)...]
2026-05-02T00:11:02.863+07:00 DEBUG 161328 --- [stdmanager] [http-nio-8080-exec-3] o.s.web.servlet.DispatcherServlet        : Completed 200 OK
2026-05-02T00:11:03.342+07:00 DEBUG 161328 --- [stdmanager] [http-nio-8080-exec-5] o.s.web.servlet.DispatcherServlet        : GET "/api/v1/course-sections/semester/ecd09eab-b3cf-43cc-811d-588a2ba404c4", parameters={}
2026-05-02T00:11:03.343+07:00 DEBUG 161328 --- [stdmanager] [http-nio-8080-exec-5] s.w.s.m.m.a.RequestMappingHandlerMapping : Mapped to uni.it.stdmanager.modules.v_semester.controller.CourseSectionController#getSectionsBySemester(UUID)
2026-05-02T00:11:03.346+07:00 DEBUG 161328 --- [stdmanager] [http-nio-8080-exec-5] m.m.a.RequestResponseBodyMethodProcessor : Using 'application/json', given [application/json, text/plain, */*] and supported [application/json, application/*+json, application/yaml]
2026-05-02T00:11:03.346+07:00 DEBUG 161328 --- [stdmanager] [http-nio-8080-exec-5] m.m.a.RequestResponseBodyMethodProcessor : Writing [ApiResponse(success=true, message=Lấy danh sách lớp học phần thành công, data=[], code=null, timesta (truncated)...]
2026-05-02T00:11:03.346+07:00 DEBUG 161328 --- [stdmanager] [http-nio-8080-exec-5] o.s.web.servlet.DispatcherServlet        : Completed 200 OK
2026-05-02T00:11:04.142+07:00 DEBUG 161328 --- [stdmanager] [http-nio-8080-exec-2] o.s.web.servlet.DispatcherServlet        : GET "/api/v1/course-sections/semester/88fbb9d7-7439-4066-94aa-0f7b11d0f1e7", parameters={}
2026-05-02T00:11:04.143+07:00 DEBUG 161328 --- [stdmanager] [http-nio-8080-exec-2] s.w.s.m.m.a.RequestMappingHandlerMapping : Mapped to uni.it.stdmanager.modules.v_semester.controller.CourseSectionController#getSectionsBySemester(UUID)
2026-05-02T00:11:04.152+07:00 DEBUG 161328 --- [stdmanager] [http-nio-8080-exec-2] m.m.a.RequestResponseBodyMethodProcessor : Using 'application/json', given [application/json, text/plain, */*] and supported [application/json, application/*+json, application/yaml]
2026-05-02T00:11:04.152+07:00 DEBUG 161328 --- [stdmanager] [http-nio-8080-exec-2] m.m.a.RequestResponseBodyMethodProcessor : Writing [ApiResponse(success=true, message=Lấy danh sách lớp học phần thành công, data=[CourseSectionResponse (truncated)...]
2026-05-02T00:11:04.153+07:00 DEBUG 161328 --- [stdmanager] [http-nio-8080-exec-2] o.s.web.servlet.DispatcherServlet        : Completed 200 OK
2026-05-02T00:11:06.550+07:00 DEBUG 161328 --- [stdmanager] [http-nio-8080-exec-9] o.s.web.servlet.DispatcherServlet        : GET "/api/v1/courses", parameters={}
2026-05-02T00:11:06.550+07:00 DEBUG 161328 --- [stdmanager] [http-nio-8080-exec-7] o.s.web.servlet.DispatcherServlet        : GET "/api/v1/employees", parameters={}
2026-05-02T00:11:06.551+07:00 DEBUG 161328 --- [stdmanager] [http-nio-8080-exec-9] s.w.s.m.m.a.RequestMappingHandlerMapping : Mapped to uni.it.stdmanager.modules.iv_course.controller.CourseController#getAllCourses()
2026-05-02T00:11:06.551+07:00 DEBUG 161328 --- [stdmanager] [http-nio-8080-exec-7] s.w.s.m.m.a.RequestMappingHandlerMapping : Mapped to uni.it.stdmanager.modules.iii_lecturer.controller.EmployeeController#searchEmployees(String, UUID, UUID, int, int, String, String)
2026-05-02T00:11:06.559+07:00 DEBUG 161328 --- [stdmanager] [http-nio-8080-exec-9] m.m.a.RequestResponseBodyMethodProcessor : Using 'application/json', given [application/json, text/plain, */*] and supported [application/json, application/*+json, application/yaml]
2026-05-02T00:11:06.559+07:00 DEBUG 161328 --- [stdmanager] [http-nio-8080-exec-9] m.m.a.RequestResponseBodyMethodProcessor : Writing [ApiResponse(success=true, message=Lấy danh sách môn học thành công, data=[CourseResponse(id=f0c5f4a9 (truncated)...]
2026-05-02T00:11:06.560+07:00 DEBUG 161328 --- [stdmanager] [http-nio-8080-exec-9] o.s.web.servlet.DispatcherServlet        : Completed 200 OK
2026-05-02T00:11:06.561+07:00 DEBUG 161328 --- [stdmanager] [http-nio-8080-exec-7] m.m.a.RequestResponseBodyMethodProcessor : Using 'application/json', given [application/json, text/plain, */*] and supported [application/json, application/*+json, application/yaml]
2026-05-02T00:11:06.562+07:00 DEBUG 161328 --- [stdmanager] [http-nio-8080-exec-7] m.m.a.RequestResponseBodyMethodProcessor : Writing [ApiResponse(success=true, message=Lấy danh sách giảng viên/nhân viên thành công, data=Page 1 of 1 co (truncated)...]
2026-05-02T00:11:06.562+07:00 DEBUG 161328 --- [stdmanager] [http-nio-8080-exec-7] o.s.web.servlet.DispatcherServlet        : Completed 200 OK
2026-05-02T00:11:20.548+07:00 DEBUG 161328 --- [stdmanager] [http-nio-8080-exec-3] o.s.web.servlet.DispatcherServlet        : GET "/api/v1/courses", parameters={}
2026-05-02T00:11:20.549+07:00 DEBUG 161328 --- [stdmanager] [http-nio-8080-exec-3] s.w.s.m.m.a.RequestMappingHandlerMapping : Mapped to uni.it.stdmanager.modules.iv_course.controller.CourseController#getAllCourses()
2026-05-02T00:11:20.553+07:00 DEBUG 161328 --- [stdmanager] [http-nio-8080-exec-3] m.m.a.RequestResponseBodyMethodProcessor : Using 'application/json', given [application/json, text/plain, */*] and supported [application/json, application/*+json, application/yaml]
2026-05-02T00:11:20.554+07:00 DEBUG 161328 --- [stdmanager] [http-nio-8080-exec-3] m.m.a.RequestResponseBodyMethodProcessor : Writing [ApiResponse(success=true, message=Lấy danh sách môn học thành công, data=[CourseResponse(id=f0c5f4a9 (truncated)...]
2026-05-02T00:11:20.554+07:00 DEBUG 161328 --- [stdmanager] [http-nio-8080-exec-3] o.s.web.servlet.DispatcherServlet        : Completed 200 OK
2026-05-02T00:11:20.572+07:00 DEBUG 161328 --- [stdmanager] [http-nio-8080-exec-10] o.s.web.servlet.DispatcherServlet        : GET "/api/v1/courses", parameters={}
2026-05-02T00:11:20.573+07:00 DEBUG 161328 --- [stdmanager] [http-nio-8080-exec-10] s.w.s.m.m.a.RequestMappingHandlerMapping : Mapped to uni.it.stdmanager.modules.iv_course.controller.CourseController#getAllCourses()
2026-05-02T00:11:20.579+07:00 DEBUG 161328 --- [stdmanager] [http-nio-8080-exec-10] m.m.a.RequestResponseBodyMethodProcessor : Using 'application/json', given [application/json, text/plain, */*] and supported [application/json, application/*+json, application/yaml]
2026-05-02T00:11:20.579+07:00 DEBUG 161328 --- [stdmanager] [http-nio-8080-exec-10] m.m.a.RequestResponseBodyMethodProcessor : Writing [ApiResponse(success=true, message=Lấy danh sách môn học thành công, data=[CourseResponse(id=f0c5f4a9 (truncated)...]
2026-05-02T00:11:20.583+07:00 DEBUG 161328 --- [stdmanager] [http-nio-8080-exec-10] o.s.web.servlet.DispatcherServlet        : Completed 200 OK
2026-05-02T00:11:21.069+07:00 DEBUG 161328 --- [stdmanager] [http-nio-8080-exec-7] o.s.web.servlet.DispatcherServlet        : GET "/api/v1/employees?page=0&size=10&keyword=", parameters={masked}
2026-05-02T00:11:21.069+07:00 DEBUG 161328 --- [stdmanager] [http-nio-8080-exec-9] o.s.web.servlet.DispatcherServlet        : GET "/api/v1/positions", parameters={}
2026-05-02T00:11:21.069+07:00 DEBUG 161328 --- [stdmanager] [http-nio-8080-exec-8] o.s.web.servlet.DispatcherServlet        : GET "/api/v1/departments", parameters={}
2026-05-02T00:11:21.069+07:00 DEBUG 161328 --- [stdmanager] [http-nio-8080-exec-7] s.w.s.m.m.a.RequestMappingHandlerMapping : Mapped to uni.it.stdmanager.modules.iii_lecturer.controller.EmployeeController#searchEmployees(String, UUID, UUID, int, int, String, String)
2026-05-02T00:11:21.069+07:00 DEBUG 161328 --- [stdmanager] [http-nio-8080-exec-8] s.w.s.m.m.a.RequestMappingHandlerMapping : Mapped to uni.it.stdmanager.modules.iii_lecturer.controller.DepartmentController#getAllActiveDepartments()
2026-05-02T00:11:21.069+07:00 DEBUG 161328 --- [stdmanager] [http-nio-8080-exec-9] s.w.s.m.m.a.RequestMappingHandlerMapping : Mapped to uni.it.stdmanager.modules.iii_lecturer.controller.PositionController#getAllActivePositions()
2026-05-02T00:11:21.075+07:00 DEBUG 161328 --- [stdmanager] [http-nio-8080-exec-9] m.m.a.RequestResponseBodyMethodProcessor : Using 'application/json', given [application/json, text/plain, */*] and supported [application/json, application/*+json, application/yaml]
2026-05-02T00:11:21.075+07:00 DEBUG 161328 --- [stdmanager] [http-nio-8080-exec-9] m.m.a.RequestResponseBodyMethodProcessor : Writing [ApiResponse(success=true, message=Lấy danh sách chức danh thành công, data=[PositionResponse(id=42eb (truncated)...]
2026-05-02T00:11:21.075+07:00 DEBUG 161328 --- [stdmanager] [http-nio-8080-exec-8] m.m.a.RequestResponseBodyMethodProcessor : Using 'application/json', given [application/json, text/plain, */*] and supported [application/json, application/*+json, application/yaml]
2026-05-02T00:11:21.075+07:00 DEBUG 161328 --- [stdmanager] [http-nio-8080-exec-8] m.m.a.RequestResponseBodyMethodProcessor : Writing [ApiResponse(success=true, message=Lấy danh sách khoa/viện thành công, data=[DepartmentResponse(id=9e (truncated)...]
2026-05-02T00:11:21.076+07:00 DEBUG 161328 --- [stdmanager] [http-nio-8080-exec-8] o.s.web.servlet.DispatcherServlet        : Completed 200 OK
2026-05-02T00:11:21.076+07:00 DEBUG 161328 --- [stdmanager] [http-nio-8080-exec-9] o.s.web.servlet.DispatcherServlet        : Completed 200 OK
2026-05-02T00:11:21.084+07:00 DEBUG 161328 --- [stdmanager] [http-nio-8080-exec-7] m.m.a.RequestResponseBodyMethodProcessor : Using 'application/json', given [application/json, text/plain, */*] and supported [application/json, application/*+json, application/yaml]
2026-05-02T00:11:21.084+07:00 DEBUG 161328 --- [stdmanager] [http-nio-8080-exec-7] m.m.a.RequestResponseBodyMethodProcessor : Writing [ApiResponse(success=true, message=Lấy danh sách giảng viên/nhân viên thành công, data=Page 1 of 1 co (truncated)...]
2026-05-02T00:11:21.085+07:00 DEBUG 161328 --- [stdmanager] [http-nio-8080-exec-7] o.s.web.servlet.DispatcherServlet        : Completed 200 OK
2026-05-02T00:11:21.093+07:00 DEBUG 161328 --- [stdmanager] [http-nio-8080-exec-2] o.s.web.servlet.DispatcherServlet        : GET "/api/v1/positions", parameters={}
2026-05-02T00:11:21.093+07:00 DEBUG 161328 --- [stdmanager] [http-nio-8080-exec-10] o.s.web.servlet.DispatcherServlet        : GET "/api/v1/departments", parameters={}
2026-05-02T00:11:21.094+07:00 DEBUG 161328 --- [stdmanager] [http-nio-8080-exec-10] s.w.s.m.m.a.RequestMappingHandlerMapping : Mapped to uni.it.stdmanager.modules.iii_lecturer.controller.DepartmentController#getAllActiveDepartments()
2026-05-02T00:11:21.094+07:00 DEBUG 161328 --- [stdmanager] [http-nio-8080-exec-2] s.w.s.m.m.a.RequestMappingHandlerMapping : Mapped to uni.it.stdmanager.modules.iii_lecturer.controller.PositionController#getAllActivePositions()
2026-05-02T00:11:21.100+07:00 DEBUG 161328 --- [stdmanager] [http-nio-8080-exec-5] o.s.web.servlet.DispatcherServlet        : GET "/api/v1/employees?page=0&size=10&keyword=", parameters={masked}
2026-05-02T00:11:21.101+07:00 DEBUG 161328 --- [stdmanager] [http-nio-8080-exec-5] s.w.s.m.m.a.RequestMappingHandlerMapping : Mapped to uni.it.stdmanager.modules.iii_lecturer.controller.EmployeeController#searchEmployees(String, UUID, UUID, int, int, String, String)
2026-05-02T00:11:21.101+07:00 DEBUG 161328 --- [stdmanager] [http-nio-8080-exec-2] m.m.a.RequestResponseBodyMethodProcessor : Using 'application/json', given [application/json, text/plain, */*] and supported [application/json, application/*+json, application/yaml]
2026-05-02T00:11:21.101+07:00 DEBUG 161328 --- [stdmanager] [http-nio-8080-exec-2] m.m.a.RequestResponseBodyMethodProcessor : Writing [ApiResponse(success=true, message=Lấy danh sách chức danh thành công, data=[PositionResponse(id=42eb (truncated)...]
2026-05-02T00:11:21.102+07:00 DEBUG 161328 --- [stdmanager] [http-nio-8080-exec-2] o.s.web.servlet.DispatcherServlet        : Completed 200 OK
2026-05-02T00:11:21.104+07:00 DEBUG 161328 --- [stdmanager] [http-nio-8080-exec-10] m.m.a.RequestResponseBodyMethodProcessor : Using 'application/json', given [application/json, text/plain, */*] and supported [application/json, application/*+json, application/yaml]
2026-05-02T00:11:21.104+07:00 DEBUG 161328 --- [stdmanager] [http-nio-8080-exec-10] m.m.a.RequestResponseBodyMethodProcessor : Writing [ApiResponse(success=true, message=Lấy danh sách khoa/viện thành công, data=[DepartmentResponse(id=9e (truncated)...]
2026-05-02T00:11:21.106+07:00 DEBUG 161328 --- [stdmanager] [http-nio-8080-exec-10] o.s.web.servlet.DispatcherServlet        : Completed 200 OK
2026-05-02T00:11:21.112+07:00 DEBUG 161328 --- [stdmanager] [http-nio-8080-exec-5] m.m.a.RequestResponseBodyMethodProcessor : Using 'application/json', given [application/json, text/plain, */*] and supported [application/json, application/*+json, application/yaml]
2026-05-02T00:11:21.112+07:00 DEBUG 161328 --- [stdmanager] [http-nio-8080-exec-5] m.m.a.RequestResponseBodyMethodProcessor : Writing [ApiResponse(success=true, message=Lấy danh sách giảng viên/nhân viên thành công, data=Page 1 of 1 co (truncated)...]
2026-05-02T00:11:21.113+07:00 DEBUG 161328 --- [stdmanager] [http-nio-8080-exec-5] o.s.web.servlet.DispatcherServlet        : Completed 200 OK
2026-05-02T00:11:21.559+07:00 DEBUG 161328 --- [stdmanager] [http-nio-8080-exec-3] o.s.web.servlet.DispatcherServlet        : GET "/api/v1/student-classes/hierarchy", parameters={}
2026-05-02T00:11:21.559+07:00 DEBUG 161328 --- [stdmanager] [http-nio-8080-exec-3] s.w.s.m.m.a.RequestMappingHandlerMapping : Mapped to uni.it.stdmanager.modules.ii_student.controller.StudentClassController#getClassHierarchy()
2026-05-02T00:11:21.573+07:00 DEBUG 161328 --- [stdmanager] [http-nio-8080-exec-3] m.m.a.RequestResponseBodyMethodProcessor : Using 'application/json', given [application/json, text/plain, */*] and supported [application/json, application/*+json, application/yaml]
2026-05-02T00:11:21.573+07:00 DEBUG 161328 --- [stdmanager] [http-nio-8080-exec-3] m.m.a.RequestResponseBodyMethodProcessor : Writing [ApiResponse(success=true, message=Lấy cấu trúc cây danh mục lớp thành công, data=[DepartmentHierarch (truncated)...]
2026-05-02T00:11:21.573+07:00 DEBUG 161328 --- [stdmanager] [http-nio-8080-exec-3] o.s.web.servlet.DispatcherServlet        : Completed 200 OK
2026-05-02T00:11:21.590+07:00 DEBUG 161328 --- [stdmanager] [http-nio-8080-exec-6] o.s.web.servlet.DispatcherServlet        : GET "/api/v1/student-classes/hierarchy", parameters={}
2026-05-02T00:11:21.590+07:00 DEBUG 161328 --- [stdmanager] [http-nio-8080-exec-6] s.w.s.m.m.a.RequestMappingHandlerMapping : Mapped to uni.it.stdmanager.modules.ii_student.controller.StudentClassController#getClassHierarchy()
2026-05-02T00:11:21.604+07:00 DEBUG 161328 --- [stdmanager] [http-nio-8080-exec-6] m.m.a.RequestResponseBodyMethodProcessor : Using 'application/json', given [application/json, text/plain, */*] and supported [application/json, application/*+json, application/yaml]
2026-05-02T00:11:21.604+07:00 DEBUG 161328 --- [stdmanager] [http-nio-8080-exec-6] m.m.a.RequestResponseBodyMethodProcessor : Writing [ApiResponse(success=true, message=Lấy cấu trúc cây danh mục lớp thành công, data=[DepartmentHierarch (truncated)...]
2026-05-02T00:11:21.604+07:00 DEBUG 161328 --- [stdmanager] [http-nio-8080-exec-6] o.s.web.servlet.DispatcherServlet        : Completed 200 OK
2026-05-02T00:11:22.141+07:00 DEBUG 161328 --- [stdmanager] [http-nio-8080-exec-7] o.s.web.servlet.DispatcherServlet        : GET "/api/v1/students?keyword=&page=0&size=10&classId=&statusId=&sortBy=studentCode&sortDir=asc&sort=studentCode,asc", parameters={masked}
2026-05-02T00:11:22.142+07:00 DEBUG 161328 --- [stdmanager] [http-nio-8080-exec-7] s.w.s.m.m.a.RequestMappingHandlerMapping : Mapped to uni.it.stdmanager.modules.ii_student.controller.StudentController#searchStudents(StudentSearchRequest)
2026-05-02T00:11:22.232+07:00 DEBUG 161328 --- [stdmanager] [http-nio-8080-exec-7] m.m.a.RequestResponseBodyMethodProcessor : Using 'application/json', given [application/json, text/plain, */*] and supported [application/json, application/*+json, application/yaml]
2026-05-02T00:11:22.232+07:00 DEBUG 161328 --- [stdmanager] [http-nio-8080-exec-7] m.m.a.RequestResponseBodyMethodProcessor : Writing [ApiResponse(success=true, message=Lấy danh sách sinh viên thành công, data=Page 1 of 1 containing un (truncated)...]
2026-05-02T00:11:22.237+07:00 DEBUG 161328 --- [stdmanager] [http-nio-8080-exec-7] o.s.web.servlet.DispatcherServlet        : Completed 200 OK
2026-05-02T00:11:22.282+07:00 DEBUG 161328 --- [stdmanager] [http-nio-8080-exec-2] o.s.web.servlet.DispatcherServlet        : GET "/api/v1/students?keyword=&page=0&size=10&classId=&statusId=&sortBy=studentCode&sortDir=asc&sort=studentCode,asc", parameters={masked}
2026-05-02T00:11:22.283+07:00 DEBUG 161328 --- [stdmanager] [http-nio-8080-exec-2] s.w.s.m.m.a.RequestMappingHandlerMapping : Mapped to uni.it.stdmanager.modules.ii_student.controller.StudentController#searchStudents(StudentSearchRequest)
2026-05-02T00:11:22.315+07:00 DEBUG 161328 --- [stdmanager] [http-nio-8080-exec-2] m.m.a.RequestResponseBodyMethodProcessor : Using 'application/json', given [application/json, text/plain, */*] and supported [application/json, application/*+json, application/yaml]
2026-05-02T00:11:22.320+07:00 DEBUG 161328 --- [stdmanager] [http-nio-8080-exec-2] m.m.a.RequestResponseBodyMethodProcessor : Writing [ApiResponse(success=true, message=Lấy danh sách sinh viên thành công, data=Page 1 of 1 containing un (truncated)...]
2026-05-02T00:11:22.321+07:00 DEBUG 161328 --- [stdmanager] [http-nio-8080-exec-2] o.s.web.servlet.DispatcherServlet        : Completed 200 OK
2026-05-02T00:11:22.648+07:00 DEBUG 161328 --- [stdmanager] [http-nio-8080-exec-10] o.s.web.servlet.DispatcherServlet        : GET "/api/v1/students?keyword=&page=0&size=10&classId=&statusId=&sortBy=studentCode&sortDir=asc&sort=studentCode,asc", parameters={masked}
2026-05-02T00:11:22.648+07:00 DEBUG 161328 --- [stdmanager] [http-nio-8080-exec-10] s.w.s.m.m.a.RequestMappingHandlerMapping : Mapped to uni.it.stdmanager.modules.ii_student.controller.StudentController#searchStudents(StudentSearchRequest)
2026-05-02T00:11:22.660+07:00 DEBUG 161328 --- [stdmanager] [http-nio-8080-exec-10] m.m.a.RequestResponseBodyMethodProcessor : Using 'application/json', given [application/json, text/plain, */*] and supported [application/json, application/*+json, application/yaml]
2026-05-02T00:11:22.660+07:00 DEBUG 161328 --- [stdmanager] [http-nio-8080-exec-10] m.m.a.RequestResponseBodyMethodProcessor : Writing [ApiResponse(success=true, message=Lấy danh sách sinh viên thành công, data=Page 1 of 1 containing un (truncated)...]
2026-05-02T00:11:22.661+07:00 DEBUG 161328 --- [stdmanager] [http-nio-8080-exec-10] o.s.web.servlet.DispatcherServlet        : Completed 200 OK
